{
  "seleniumLog": [
    {
      "commandName": "get",
      "args": [
        "{url=https://www.orbitz.com}"
      ],
      "result": "null",
      "subLogs": [],
      "duration": 7231
    },
    {
      "commandName": "maximizeWindow",
      "args": [
        "{windowHandle=current}"
      ],
      "result": "null",
      "subLogs": [],
      "duration": 1135
    },
    {
      "commandName": "findElement",
      "args": [
        "{value=package-origin, using=id}"
      ],
      "result": "id: 0.6935847565412749-1",
      "subLogs": [],
      "duration": 67
    },
    {
      "commandName": "sendKeysToElement",
      "args": [
        "By.id: package-origin",
        "{\"id\":\"0.6935847565412749-1\",\"value\":[\"Pune, India (PNQ-Lohegaon)\"]}"
      ],
      "result": "sendKeysToElement:null",
      "subLogs": [],
      "duration": 1159
    },
    {
      "commandName": "findElement",
      "args": [
        "{value=package-destination, using=id}"
      ],
      "result": "id: 0.6935847565412749-2",
      "subLogs": [],
      "duration": 20
    },
    {
      "commandName": "sendKeysToElement",
      "args": [
        "By.id: package-destination",
        "{\"id\":\"0.6935847565412749-2\",\"value\":[\"Mumbai, India\"]}"
      ],
      "result": "sendKeysToElement:null",
      "subLogs": [],
      "duration": 406
    },
    {
      "commandName": "findElement",
      "args": [
        "{value=package-departing, using=id}"
      ],
      "result": "id: 0.6935847565412749-3",
      "subLogs": [],
      "duration": 22
    },
    {
      "commandName": "clickElement",
      "args": [
        "By.id: package-departing",
        "{\"id\":\"0.6935847565412749-3\"}"
      ],
      "result": "clickElement:null",
      "subLogs": [],
      "duration": 168
    },
    {
      "commandName": "findElement",
      "args": [
        "{value=.//*[@id='package-departing-wrapper']/div/div/div[2]/table/tbody/tr[4]/td[5]/button, using=xpath}"
      ],
      "result": "id: 0.6935847565412749-4",
      "subLogs": [],
      "duration": 35
    },
    {
      "commandName": "clickElement",
      "args": [
        "By.xpath: .//*[@id='package-departing-wrapper']/div/div/div[2]/table/tbody/tr[4]/td[5]/button",
        "{\"id\":\"0.6935847565412749-4\"}"
      ],
      "result": "clickElement:null",
      "subLogs": [],
      "duration": 181
    },
    {
      "commandName": "findElement",
      "args": [
        "{value=package-returning, using=id}"
      ],
      "result": "id: 0.6935847565412749-5",
      "subLogs": [],
      "duration": 21
    },
    {
      "commandName": "clickElement",
      "args": [
        "By.id: package-returning",
        "{\"id\":\"0.6935847565412749-5\"}"
      ],
      "result": "clickElement:null",
      "subLogs": [],
      "duration": 134
    },
    {
      "commandName": "findElement",
      "args": [
        "{value=.//*[@id='package-returning-wrapper']/div/div/div[2]/table/tbody/tr[4]/td[6]/button, using=xpath}"
      ],
      "result": "id: 0.6935847565412749-6",
      "subLogs": [],
      "duration": 20
    },
    {
      "commandName": "clickElement",
      "args": [
        "By.xpath: .//*[@id='package-returning-wrapper']/div/div/div[2]/table/tbody/tr[4]/td[6]/button",
        "{\"id\":\"0.6935847565412749-6\"}"
      ],
      "result": "clickElement:null",
      "subLogs": [],
      "duration": 117
    },
    {
      "commandName": "findElement",
      "args": [
        "{value=package-1-children, using=id}"
      ],
      "result": "id: 0.6935847565412749-7",
      "subLogs": [],
      "duration": 27
    },
    {
      "commandName": "getElementTagName",
      "args": [
        "By.id: package-1-children",
        "{\"id\":\"0.6935847565412749-7\"}"
      ],
      "result": "getElementTagName:select",
      "subLogs": [],
      "duration": 7
    },
    {
      "commandName": "findElement",
      "args": [
        "{value=package-1-children, using=id}"
      ],
      "result": "id: 0.6935847565412749-7",
      "subLogs": [],
      "duration": 9
    },
    {
      "commandName": "getElementAttribute",
      "args": [
        "By.id: package-1-children",
        "{\"name\":\"multiple\",\"id\":\"0.6935847565412749-7\"}"
      ],
      "result": "getElementAttribute:null",
      "subLogs": [],
      "duration": 13
    },
    {
      "commandName": "findElement",
      "args": [
        "{value=package-1-children, using=id}"
      ],
      "result": "id: 0.6935847565412749-7",
      "subLogs": [],
      "duration": 10
    },
    {
      "commandName": "findChildElements",
      "args": [
        "By.id: package-1-children",
        "{\"using\":\"xpath\",\"id\":\"0.6935847565412749-7\",\"value\":\".//option[@value = \\\"1\\\"]\"}"
      ],
      "result": "findChildElements:[id: 0.6935847565412749-8]",
      "subLogs": [],
      "duration": 31
    },
    {
      "commandName": "isElementSelected",
      "args": [
        "id: 0.6935847565412749-8",
        "{\"id\":\"0.6935847565412749-8\"}"
      ],
      "result": "isElementSelected:false",
      "subLogs": [],
      "duration": 28
    },
    {
      "commandName": "clickElement",
      "args": [
        "id: 0.6935847565412749-8",
        "{\"id\":\"0.6935847565412749-8\"}"
      ],
      "result": "clickElement:null",
      "subLogs": [],
      "duration": 140
    },
    {
      "commandName": "findElement",
      "args": [
        "{value=package-1-age-select-1, using=id}"
      ],
      "result": "id: 0.6935847565412749-9",
      "subLogs": [],
      "duration": 25
    },
    {
      "commandName": "getElementTagName",
      "args": [
        "By.id: package-1-age-select-1",
        "{\"id\":\"0.6935847565412749-9\"}"
      ],
      "result": "getElementTagName:select",
      "subLogs": [],
      "duration": 8
    },
    {
      "commandName": "findElement",
      "args": [
        "{value=package-1-age-select-1, using=id}"
      ],
      "result": "id: 0.6935847565412749-9",
      "subLogs": [],
      "duration": 14
    },
    {
      "commandName": "getElementAttribute",
      "args": [
        "By.id: package-1-age-select-1",
        "{\"name\":\"multiple\",\"id\":\"0.6935847565412749-9\"}"
      ],
      "result": "getElementAttribute:null",
      "subLogs": [],
      "duration": 10
    },
    {
      "commandName": "findElement",
      "args": [
        "{value=package-1-age-select-1, using=id}"
      ],
      "result": "id: 0.6935847565412749-9",
      "subLogs": [],
      "duration": 9
    },
    {
      "commandName": "findChildElements",
      "args": [
        "By.id: package-1-age-select-1",
        "{\"using\":\"xpath\",\"id\":\"0.6935847565412749-9\",\"value\":\".//option[@value = \\\"3\\\"]\"}"
      ],
      "result": "findChildElements:[id: 0.6935847565412749-10]",
      "subLogs": [],
      "duration": 16
    },
    {
      "commandName": "isElementSelected",
      "args": [
        "id: 0.6935847565412749-10",
        "{\"id\":\"0.6935847565412749-10\"}"
      ],
      "result": "isElementSelected:false",
      "subLogs": [],
      "duration": 17
    },
    {
      "commandName": "clickElement",
      "args": [
        "id: 0.6935847565412749-10",
        "{\"id\":\"0.6935847565412749-10\"}"
      ],
      "result": "clickElement:null",
      "subLogs": [],
      "duration": 86
    },
    {
      "commandName": "findElement",
      "args": [
        "{value=search-button, using=id}"
      ],
      "result": "id: 0.6935847565412749-11",
      "subLogs": [],
      "duration": 52
    },
    {
      "commandName": "clickElement",
      "args": [
        "By.id: search-button",
        "{\"id\":\"0.6935847565412749-11\"}"
      ],
      "result": "clickElement:null",
      "subLogs": [],
      "duration": 1322
    },
    {
      "commandName": "findElements",
      "args": [
        "{value='5301691_sponsored']/div[2]/div[1]/a, using=xpath.//*[@id}"
      ],
      "result": "invalid selector: Unable to locate an element with the xpath expression [object Object] because of the following error:\nSyntaxError: Failed to execute 'evaluate' on 'Document': The string '[object Object]' is not a valid XPath expression.\n  (Session info: chrome=63.0.3239.132)\n  (Driver info: chromedriver=2.33.506120 (e3e53437346286c0bc2d2dc9aa4915ba81d9023f),platform=Windows NT 10.0.10586 x86_64) (WARNING: The server did not provide any stacktrace information)\nCommand duration or timeout: 69 milliseconds\nFor documentation on this error, please visit: http://seleniumhq.org/exceptions/invalid_selector_exception.html\nBuild info: version: '2.53.0', revision: '35ae25b1534ae328c771e0856c93e187490ca824', time: '2016-03-15 10:43:46'\nSystem info: host: 'ICPL12770', ip: '10.11.28.189', os.name: 'Windows 10', os.arch: 'amd64', os.version: '10.0', java.version: '1.8.0_152'\nDriver info: com.qmetry.qaf.automation.ui.webdriver.QAFExtendedWebDriver\nCapabilities [{applicationCacheEnabled=false, rotatable=false, mobileEmulationEnabled=false, networkConnectionEnabled=false, chrome={chromedriverVersion=2.33.506120 (e3e53437346286c0bc2d2dc9aa4915ba81d9023f), userDataDir=C:\\Users\\NIKHIL~1.BHA\\AppData\\Local\\Temp\\scoped_dir6932_29571}, takesHeapSnapshot=true, pageLoadStrategy=normal, databaseEnabled=false, handlesAlerts=true, hasTouchScreen=false, version=63.0.3239.132, platform=XP, browserConnectionEnabled=false, nativeEvents=true, acceptSslCerts=true, locationContextEnabled=true, webStorageEnabled=true, browserName=chrome, takesScreenshot=true, javascriptEnabled=true, cssSelectorsEnabled=true, setWindowRect=true, unexpectedAlertBehaviour=}]\nSession ID: 14535ce7162d42c378c55080630fc2f9\n*** Element info: {Using=xpath.//*[@id, value='5301691_sponsored']/div[2]/div[1]/a}",
      "subLogs": [],
      "duration": 72
    },
    {
      "commandName": "findElements",
      "args": [
        "{value='5301691_sponsored']/div[2]/div[1]/a, using=xpath.//*[@id}"
      ],
      "result": "invalid selector: Unable to locate an element with the xpath expression [object Object] because of the following error:\nSyntaxError: Failed to execute 'evaluate' on 'Document': The string '[object Object]' is not a valid XPath expression.\n  (Session info: chrome=63.0.3239.132)\n  (Driver info: chromedriver=2.33.506120 (e3e53437346286c0bc2d2dc9aa4915ba81d9023f),platform=Windows NT 10.0.10586 x86_64) (WARNING: The server did not provide any stacktrace information)\nCommand duration or timeout: 16 milliseconds\nFor documentation on this error, please visit: http://seleniumhq.org/exceptions/invalid_selector_exception.html\nBuild info: version: '2.53.0', revision: '35ae25b1534ae328c771e0856c93e187490ca824', time: '2016-03-15 10:43:46'\nSystem info: host: 'ICPL12770', ip: '10.11.28.189', os.name: 'Windows 10', os.arch: 'amd64', os.version: '10.0', java.version: '1.8.0_152'\nDriver info: com.qmetry.qaf.automation.ui.webdriver.QAFExtendedWebDriver\nCapabilities [{applicationCacheEnabled=false, rotatable=false, mobileEmulationEnabled=false, networkConnectionEnabled=false, chrome={chromedriverVersion=2.33.506120 (e3e53437346286c0bc2d2dc9aa4915ba81d9023f), userDataDir=C:\\Users\\NIKHIL~1.BHA\\AppData\\Local\\Temp\\scoped_dir6932_29571}, takesHeapSnapshot=true, pageLoadStrategy=normal, databaseEnabled=false, handlesAlerts=true, hasTouchScreen=false, version=63.0.3239.132, platform=XP, browserConnectionEnabled=false, nativeEvents=true, acceptSslCerts=true, locationContextEnabled=true, webStorageEnabled=true, browserName=chrome, takesScreenshot=true, javascriptEnabled=true, cssSelectorsEnabled=true, setWindowRect=true, unexpectedAlertBehaviour=}]\nSession ID: 14535ce7162d42c378c55080630fc2f9\n*** Element info: {Using=xpath.//*[@id, value='5301691_sponsored']/div[2]/div[1]/a}",
      "subLogs": [],
      "duration": 16
    },
    {
      "commandName": "findElements",
      "args": [
        "{value='5301691_sponsored']/div[2]/div[1]/a, using=xpath.//*[@id}"
      ],
      "result": "invalid selector: Unable to locate an element with the xpath expression [object Object] because of the following error:\nSyntaxError: Failed to execute 'evaluate' on 'Document': The string '[object Object]' is not a valid XPath expression.\n  (Session info: chrome=63.0.3239.132)\n  (Driver info: chromedriver=2.33.506120 (e3e53437346286c0bc2d2dc9aa4915ba81d9023f),platform=Windows NT 10.0.10586 x86_64) (WARNING: The server did not provide any stacktrace information)\nCommand duration or timeout: 16 milliseconds\nFor documentation on this error, please visit: http://seleniumhq.org/exceptions/invalid_selector_exception.html\nBuild info: version: '2.53.0', revision: '35ae25b1534ae328c771e0856c93e187490ca824', time: '2016-03-15 10:43:46'\nSystem info: host: 'ICPL12770', ip: '10.11.28.189', os.name: 'Windows 10', os.arch: 'amd64', os.version: '10.0', java.version: '1.8.0_152'\nDriver info: com.qmetry.qaf.automation.ui.webdriver.QAFExtendedWebDriver\nCapabilities [{applicationCacheEnabled=false, rotatable=false, mobileEmulationEnabled=false, networkConnectionEnabled=false, chrome={chromedriverVersion=2.33.506120 (e3e53437346286c0bc2d2dc9aa4915ba81d9023f), userDataDir=C:\\Users\\NIKHIL~1.BHA\\AppData\\Local\\Temp\\scoped_dir6932_29571}, takesHeapSnapshot=true, pageLoadStrategy=normal, databaseEnabled=false, handlesAlerts=true, hasTouchScreen=false, version=63.0.3239.132, platform=XP, browserConnectionEnabled=false, nativeEvents=true, acceptSslCerts=true, locationContextEnabled=true, webStorageEnabled=true, browserName=chrome, takesScreenshot=true, javascriptEnabled=true, cssSelectorsEnabled=true, setWindowRect=true, unexpectedAlertBehaviour=}]\nSession ID: 14535ce7162d42c378c55080630fc2f9\n*** Element info: {Using=xpath.//*[@id, value='5301691_sponsored']/div[2]/div[1]/a}",
      "subLogs": [],
      "duration": 16
    },
    {
      "commandName": "findElements",
      "args": [
        "{value='5301691_sponsored']/div[2]/div[1]/a, using=xpath.//*[@id}"
      ],
      "result": "invalid selector: Unable to locate an element with the xpath expression [object Object] because of the following error:\nSyntaxError: Failed to execute 'evaluate' on 'Document': The string '[object Object]' is not a valid XPath expression.\n  (Session info: chrome=63.0.3239.132)\n  (Driver info: chromedriver=2.33.506120 (e3e53437346286c0bc2d2dc9aa4915ba81d9023f),platform=Windows NT 10.0.10586 x86_64) (WARNING: The server did not provide any stacktrace information)\nCommand duration or timeout: 12 milliseconds\nFor documentation on this error, please visit: http://seleniumhq.org/exceptions/invalid_selector_exception.html\nBuild info: version: '2.53.0', revision: '35ae25b1534ae328c771e0856c93e187490ca824', time: '2016-03-15 10:43:46'\nSystem info: host: 'ICPL12770', ip: '10.11.28.189', os.name: 'Windows 10', os.arch: 'amd64', os.version: '10.0', java.version: '1.8.0_152'\nDriver info: com.qmetry.qaf.automation.ui.webdriver.QAFExtendedWebDriver\nCapabilities [{applicationCacheEnabled=false, rotatable=false, mobileEmulationEnabled=false, networkConnectionEnabled=false, chrome={chromedriverVersion=2.33.506120 (e3e53437346286c0bc2d2dc9aa4915ba81d9023f), userDataDir=C:\\Users\\NIKHIL~1.BHA\\AppData\\Local\\Temp\\scoped_dir6932_29571}, takesHeapSnapshot=true, pageLoadStrategy=normal, databaseEnabled=false, handlesAlerts=true, hasTouchScreen=false, version=63.0.3239.132, platform=XP, browserConnectionEnabled=false, nativeEvents=true, acceptSslCerts=true, locationContextEnabled=true, webStorageEnabled=true, browserName=chrome, takesScreenshot=true, javascriptEnabled=true, cssSelectorsEnabled=true, setWindowRect=true, unexpectedAlertBehaviour=}]\nSession ID: 14535ce7162d42c378c55080630fc2f9\n*** Element info: {Using=xpath.//*[@id, value='5301691_sponsored']/div[2]/div[1]/a}",
      "subLogs": [],
      "duration": 12
    },
    {
      "commandName": "findElements",
      "args": [
        "{value='5301691_sponsored']/div[2]/div[1]/a, using=xpath.//*[@id}"
      ],
      "result": "invalid selector: Unable to locate an element with the xpath expression [object Object] because of the following error:\nSyntaxError: Failed to execute 'evaluate' on 'Document': The string '[object Object]' is not a valid XPath expression.\n  (Session info: chrome=63.0.3239.132)\n  (Driver info: chromedriver=2.33.506120 (e3e53437346286c0bc2d2dc9aa4915ba81d9023f),platform=Windows NT 10.0.10586 x86_64) (WARNING: The server did not provide any stacktrace information)\nCommand duration or timeout: 14 milliseconds\nFor documentation on this error, please visit: http://seleniumhq.org/exceptions/invalid_selector_exception.html\nBuild info: version: '2.53.0', revision: '35ae25b1534ae328c771e0856c93e187490ca824', time: '2016-03-15 10:43:46'\nSystem info: host: 'ICPL12770', ip: '10.11.28.189', os.name: 'Windows 10', os.arch: 'amd64', os.version: '10.0', java.version: '1.8.0_152'\nDriver info: com.qmetry.qaf.automation.ui.webdriver.QAFExtendedWebDriver\nCapabilities [{applicationCacheEnabled=false, rotatable=false, mobileEmulationEnabled=false, networkConnectionEnabled=false, chrome={chromedriverVersion=2.33.506120 (e3e53437346286c0bc2d2dc9aa4915ba81d9023f), userDataDir=C:\\Users\\NIKHIL~1.BHA\\AppData\\Local\\Temp\\scoped_dir6932_29571}, takesHeapSnapshot=true, pageLoadStrategy=normal, databaseEnabled=false, handlesAlerts=true, hasTouchScreen=false, version=63.0.3239.132, platform=XP, browserConnectionEnabled=false, nativeEvents=true, acceptSslCerts=true, locationContextEnabled=true, webStorageEnabled=true, browserName=chrome, takesScreenshot=true, javascriptEnabled=true, cssSelectorsEnabled=true, setWindowRect=true, unexpectedAlertBehaviour=}]\nSession ID: 14535ce7162d42c378c55080630fc2f9\n*** Element info: {Using=xpath.//*[@id, value='5301691_sponsored']/div[2]/div[1]/a}",
      "subLogs": [],
      "duration": 14
    },
    {
      "commandName": "findElements",
      "args": [
        "{value='5301691_sponsored']/div[2]/div[1]/a, using=xpath.//*[@id}"
      ],
      "result": "invalid selector: Unable to locate an element with the xpath expression [object Object] because of the following error:\nSyntaxError: Failed to execute 'evaluate' on 'Document': The string '[object Object]' is not a valid XPath expression.\n  (Session info: chrome=63.0.3239.132)\n  (Driver info: chromedriver=2.33.506120 (e3e53437346286c0bc2d2dc9aa4915ba81d9023f),platform=Windows NT 10.0.10586 x86_64) (WARNING: The server did not provide any stacktrace information)\nCommand duration or timeout: 13 milliseconds\nFor documentation on this error, please visit: http://seleniumhq.org/exceptions/invalid_selector_exception.html\nBuild info: version: '2.53.0', revision: '35ae25b1534ae328c771e0856c93e187490ca824', time: '2016-03-15 10:43:46'\nSystem info: host: 'ICPL12770', ip: '10.11.28.189', os.name: 'Windows 10', os.arch: 'amd64', os.version: '10.0', java.version: '1.8.0_152'\nDriver info: com.qmetry.qaf.automation.ui.webdriver.QAFExtendedWebDriver\nCapabilities [{applicationCacheEnabled=false, rotatable=false, mobileEmulationEnabled=false, networkConnectionEnabled=false, chrome={chromedriverVersion=2.33.506120 (e3e53437346286c0bc2d2dc9aa4915ba81d9023f), userDataDir=C:\\Users\\NIKHIL~1.BHA\\AppData\\Local\\Temp\\scoped_dir6932_29571}, takesHeapSnapshot=true, pageLoadStrategy=normal, databaseEnabled=false, handlesAlerts=true, hasTouchScreen=false, version=63.0.3239.132, platform=XP, browserConnectionEnabled=false, nativeEvents=true, acceptSslCerts=true, locationContextEnabled=true, webStorageEnabled=true, browserName=chrome, takesScreenshot=true, javascriptEnabled=true, cssSelectorsEnabled=true, setWindowRect=true, unexpectedAlertBehaviour=}]\nSession ID: 14535ce7162d42c378c55080630fc2f9\n*** Element info: {Using=xpath.//*[@id, value='5301691_sponsored']/div[2]/div[1]/a}",
      "subLogs": [],
      "duration": 14
    },
    {
      "commandName": "findElements",
      "args": [
        "{value='5301691_sponsored']/div[2]/div[1]/a, using=xpath.//*[@id}"
      ],
      "result": "invalid selector: Unable to locate an element with the xpath expression [object Object] because of the following error:\nSyntaxError: Failed to execute 'evaluate' on 'Document': The string '[object Object]' is not a valid XPath expression.\n  (Session info: chrome=63.0.3239.132)\n  (Driver info: chromedriver=2.33.506120 (e3e53437346286c0bc2d2dc9aa4915ba81d9023f),platform=Windows NT 10.0.10586 x86_64) (WARNING: The server did not provide any stacktrace information)\nCommand duration or timeout: 17 milliseconds\nFor documentation on this error, please visit: http://seleniumhq.org/exceptions/invalid_selector_exception.html\nBuild info: version: '2.53.0', revision: '35ae25b1534ae328c771e0856c93e187490ca824', time: '2016-03-15 10:43:46'\nSystem info: host: 'ICPL12770', ip: '10.11.28.189', os.name: 'Windows 10', os.arch: 'amd64', os.version: '10.0', java.version: '1.8.0_152'\nDriver info: com.qmetry.qaf.automation.ui.webdriver.QAFExtendedWebDriver\nCapabilities [{applicationCacheEnabled=false, rotatable=false, mobileEmulationEnabled=false, networkConnectionEnabled=false, chrome={chromedriverVersion=2.33.506120 (e3e53437346286c0bc2d2dc9aa4915ba81d9023f), userDataDir=C:\\Users\\NIKHIL~1.BHA\\AppData\\Local\\Temp\\scoped_dir6932_29571}, takesHeapSnapshot=true, pageLoadStrategy=normal, databaseEnabled=false, handlesAlerts=true, hasTouchScreen=false, version=63.0.3239.132, platform=XP, browserConnectionEnabled=false, nativeEvents=true, acceptSslCerts=true, locationContextEnabled=true, webStorageEnabled=true, browserName=chrome, takesScreenshot=true, javascriptEnabled=true, cssSelectorsEnabled=true, setWindowRect=true, unexpectedAlertBehaviour=}]\nSession ID: 14535ce7162d42c378c55080630fc2f9\n*** Element info: {Using=xpath.//*[@id, value='5301691_sponsored']/div[2]/div[1]/a}",
      "subLogs": [],
      "duration": 17
    },
    {
      "commandName": "findElements",
      "args": [
        "{value='5301691_sponsored']/div[2]/div[1]/a, using=xpath.//*[@id}"
      ],
      "result": "invalid selector: Unable to locate an element with the xpath expression [object Object] because of the following error:\nSyntaxError: Failed to execute 'evaluate' on 'Document': The string '[object Object]' is not a valid XPath expression.\n  (Session info: chrome=63.0.3239.132)\n  (Driver info: chromedriver=2.33.506120 (e3e53437346286c0bc2d2dc9aa4915ba81d9023f),platform=Windows NT 10.0.10586 x86_64) (WARNING: The server did not provide any stacktrace information)\nCommand duration or timeout: 1.73 seconds\nFor documentation on this error, please visit: http://seleniumhq.org/exceptions/invalid_selector_exception.html\nBuild info: version: '2.53.0', revision: '35ae25b1534ae328c771e0856c93e187490ca824', time: '2016-03-15 10:43:46'\nSystem info: host: 'ICPL12770', ip: '10.11.28.189', os.name: 'Windows 10', os.arch: 'amd64', os.version: '10.0', java.version: '1.8.0_152'\nDriver info: com.qmetry.qaf.automation.ui.webdriver.QAFExtendedWebDriver\nCapabilities [{applicationCacheEnabled=false, rotatable=false, mobileEmulationEnabled=false, networkConnectionEnabled=false, chrome={chromedriverVersion=2.33.506120 (e3e53437346286c0bc2d2dc9aa4915ba81d9023f), userDataDir=C:\\Users\\NIKHIL~1.BHA\\AppData\\Local\\Temp\\scoped_dir6932_29571}, takesHeapSnapshot=true, pageLoadStrategy=normal, databaseEnabled=false, handlesAlerts=true, hasTouchScreen=false, version=63.0.3239.132, platform=XP, browserConnectionEnabled=false, nativeEvents=true, acceptSslCerts=true, locationContextEnabled=true, webStorageEnabled=true, browserName=chrome, takesScreenshot=true, javascriptEnabled=true, cssSelectorsEnabled=true, setWindowRect=true, unexpectedAlertBehaviour=}]\nSession ID: 14535ce7162d42c378c55080630fc2f9\n*** Element info: {Using=xpath.//*[@id, value='5301691_sponsored']/div[2]/div[1]/a}",
      "subLogs": [],
      "duration": 1733
    },
    {
      "commandName": "findElements",
      "args": [
        "{value='5301691_sponsored']/div[2]/div[1]/a, using=xpath.//*[@id}"
      ],
      "result": "invalid selector: Unable to locate an element with the xpath expression [object Object] because of the following error:\nSyntaxError: Failed to execute 'evaluate' on 'Document': The string '[object Object]' is not a valid XPath expression.\n  (Session info: chrome=63.0.3239.132)\n  (Driver info: chromedriver=2.33.506120 (e3e53437346286c0bc2d2dc9aa4915ba81d9023f),platform=Windows NT 10.0.10586 x86_64) (WARNING: The server did not provide any stacktrace information)\nCommand duration or timeout: 2.62 seconds\nFor documentation on this error, please visit: http://seleniumhq.org/exceptions/invalid_selector_exception.html\nBuild info: version: '2.53.0', revision: '35ae25b1534ae328c771e0856c93e187490ca824', time: '2016-03-15 10:43:46'\nSystem info: host: 'ICPL12770', ip: '10.11.28.189', os.name: 'Windows 10', os.arch: 'amd64', os.version: '10.0', java.version: '1.8.0_152'\nDriver info: com.qmetry.qaf.automation.ui.webdriver.QAFExtendedWebDriver\nCapabilities [{applicationCacheEnabled=false, rotatable=false, mobileEmulationEnabled=false, networkConnectionEnabled=false, chrome={chromedriverVersion=2.33.506120 (e3e53437346286c0bc2d2dc9aa4915ba81d9023f), userDataDir=C:\\Users\\NIKHIL~1.BHA\\AppData\\Local\\Temp\\scoped_dir6932_29571}, takesHeapSnapshot=true, pageLoadStrategy=normal, databaseEnabled=false, handlesAlerts=true, hasTouchScreen=false, version=63.0.3239.132, platform=XP, browserConnectionEnabled=false, nativeEvents=true, acceptSslCerts=true, locationContextEnabled=true, webStorageEnabled=true, browserName=chrome, takesScreenshot=true, javascriptEnabled=true, cssSelectorsEnabled=true, setWindowRect=true, unexpectedAlertBehaviour=}]\nSession ID: 14535ce7162d42c378c55080630fc2f9\n*** Element info: {Using=xpath.//*[@id, value='5301691_sponsored']/div[2]/div[1]/a}",
      "subLogs": [],
      "duration": 2622
    },
    {
      "commandName": "findElements",
      "args": [
        "{value='5301691_sponsored']/div[2]/div[1]/a, using=xpath.//*[@id}"
      ],
      "result": "invalid selector: Unable to locate an element with the xpath expression [object Object] because of the following error:\nSyntaxError: Failed to execute 'evaluate' on 'Document': The string '[object Object]' is not a valid XPath expression.\n  (Session info: chrome=63.0.3239.132)\n  (Driver info: chromedriver=2.33.506120 (e3e53437346286c0bc2d2dc9aa4915ba81d9023f),platform=Windows NT 10.0.10586 x86_64) (WARNING: The server did not provide any stacktrace information)\nCommand duration or timeout: 15 milliseconds\nFor documentation on this error, please visit: http://seleniumhq.org/exceptions/invalid_selector_exception.html\nBuild info: version: '2.53.0', revision: '35ae25b1534ae328c771e0856c93e187490ca824', time: '2016-03-15 10:43:46'\nSystem info: host: 'ICPL12770', ip: '10.11.28.189', os.name: 'Windows 10', os.arch: 'amd64', os.version: '10.0', java.version: '1.8.0_152'\nDriver info: com.qmetry.qaf.automation.ui.webdriver.QAFExtendedWebDriver\nCapabilities [{applicationCacheEnabled=false, rotatable=false, mobileEmulationEnabled=false, networkConnectionEnabled=false, chrome={chromedriverVersion=2.33.506120 (e3e53437346286c0bc2d2dc9aa4915ba81d9023f), userDataDir=C:\\Users\\NIKHIL~1.BHA\\AppData\\Local\\Temp\\scoped_dir6932_29571}, takesHeapSnapshot=true, pageLoadStrategy=normal, databaseEnabled=false, handlesAlerts=true, hasTouchScreen=false, version=63.0.3239.132, platform=XP, browserConnectionEnabled=false, nativeEvents=true, acceptSslCerts=true, locationContextEnabled=true, webStorageEnabled=true, browserName=chrome, takesScreenshot=true, javascriptEnabled=true, cssSelectorsEnabled=true, setWindowRect=true, unexpectedAlertBehaviour=}]\nSession ID: 14535ce7162d42c378c55080630fc2f9\n*** Element info: {Using=xpath.//*[@id, value='5301691_sponsored']/div[2]/div[1]/a}",
      "subLogs": [],
      "duration": 15
    },
    {
      "commandName": "findElements",
      "args": [
        "{value='5301691_sponsored']/div[2]/div[1]/a, using=xpath.//*[@id}"
      ],
      "result": "invalid selector: Unable to locate an element with the xpath expression [object Object] because of the following error:\nSyntaxError: Failed to execute 'evaluate' on 'Document': The string '[object Object]' is not a valid XPath expression.\n  (Session info: chrome=63.0.3239.132)\n  (Driver info: chromedriver=2.33.506120 (e3e53437346286c0bc2d2dc9aa4915ba81d9023f),platform=Windows NT 10.0.10586 x86_64) (WARNING: The server did not provide any stacktrace information)\nCommand duration or timeout: 22 milliseconds\nFor documentation on this error, please visit: http://seleniumhq.org/exceptions/invalid_selector_exception.html\nBuild info: version: '2.53.0', revision: '35ae25b1534ae328c771e0856c93e187490ca824', time: '2016-03-15 10:43:46'\nSystem info: host: 'ICPL12770', ip: '10.11.28.189', os.name: 'Windows 10', os.arch: 'amd64', os.version: '10.0', java.version: '1.8.0_152'\nDriver info: com.qmetry.qaf.automation.ui.webdriver.QAFExtendedWebDriver\nCapabilities [{applicationCacheEnabled=false, rotatable=false, mobileEmulationEnabled=false, networkConnectionEnabled=false, chrome={chromedriverVersion=2.33.506120 (e3e53437346286c0bc2d2dc9aa4915ba81d9023f), userDataDir=C:\\Users\\NIKHIL~1.BHA\\AppData\\Local\\Temp\\scoped_dir6932_29571}, takesHeapSnapshot=true, pageLoadStrategy=normal, databaseEnabled=false, handlesAlerts=true, hasTouchScreen=false, version=63.0.3239.132, platform=XP, browserConnectionEnabled=false, nativeEvents=true, acceptSslCerts=true, locationContextEnabled=true, webStorageEnabled=true, browserName=chrome, takesScreenshot=true, javascriptEnabled=true, cssSelectorsEnabled=true, setWindowRect=true, unexpectedAlertBehaviour=}]\nSession ID: 14535ce7162d42c378c55080630fc2f9\n*** Element info: {Using=xpath.//*[@id, value='5301691_sponsored']/div[2]/div[1]/a}",
      "subLogs": [],
      "duration": 22
    },
    {
      "commandName": "findElements",
      "args": [
        "{value='5301691_sponsored']/div[2]/div[1]/a, using=xpath.//*[@id}"
      ],
      "result": "invalid selector: Unable to locate an element with the xpath expression [object Object] because of the following error:\nSyntaxError: Failed to execute 'evaluate' on 'Document': The string '[object Object]' is not a valid XPath expression.\n  (Session info: chrome=63.0.3239.132)\n  (Driver info: chromedriver=2.33.506120 (e3e53437346286c0bc2d2dc9aa4915ba81d9023f),platform=Windows NT 10.0.10586 x86_64) (WARNING: The server did not provide any stacktrace information)\nCommand duration or timeout: 16 milliseconds\nFor documentation on this error, please visit: http://seleniumhq.org/exceptions/invalid_selector_exception.html\nBuild info: version: '2.53.0', revision: '35ae25b1534ae328c771e0856c93e187490ca824', time: '2016-03-15 10:43:46'\nSystem info: host: 'ICPL12770', ip: '10.11.28.189', os.name: 'Windows 10', os.arch: 'amd64', os.version: '10.0', java.version: '1.8.0_152'\nDriver info: com.qmetry.qaf.automation.ui.webdriver.QAFExtendedWebDriver\nCapabilities [{applicationCacheEnabled=false, rotatable=false, mobileEmulationEnabled=false, networkConnectionEnabled=false, chrome={chromedriverVersion=2.33.506120 (e3e53437346286c0bc2d2dc9aa4915ba81d9023f), userDataDir=C:\\Users\\NIKHIL~1.BHA\\AppData\\Local\\Temp\\scoped_dir6932_29571}, takesHeapSnapshot=true, pageLoadStrategy=normal, databaseEnabled=false, handlesAlerts=true, hasTouchScreen=false, version=63.0.3239.132, platform=XP, browserConnectionEnabled=false, nativeEvents=true, acceptSslCerts=true, locationContextEnabled=true, webStorageEnabled=true, browserName=chrome, takesScreenshot=true, javascriptEnabled=true, cssSelectorsEnabled=true, setWindowRect=true, unexpectedAlertBehaviour=}]\nSession ID: 14535ce7162d42c378c55080630fc2f9\n*** Element info: {Using=xpath.//*[@id, value='5301691_sponsored']/div[2]/div[1]/a}",
      "subLogs": [],
      "duration": 16
    },
    {
      "commandName": "findElements",
      "args": [
        "{value='5301691_sponsored']/div[2]/div[1]/a, using=xpath.//*[@id}"
      ],
      "result": "invalid selector: Unable to locate an element with the xpath expression [object Object] because of the following error:\nSyntaxError: Failed to execute 'evaluate' on 'Document': The string '[object Object]' is not a valid XPath expression.\n  (Session info: chrome=63.0.3239.132)\n  (Driver info: chromedriver=2.33.506120 (e3e53437346286c0bc2d2dc9aa4915ba81d9023f),platform=Windows NT 10.0.10586 x86_64) (WARNING: The server did not provide any stacktrace information)\nCommand duration or timeout: 23 milliseconds\nFor documentation on this error, please visit: http://seleniumhq.org/exceptions/invalid_selector_exception.html\nBuild info: version: '2.53.0', revision: '35ae25b1534ae328c771e0856c93e187490ca824', time: '2016-03-15 10:43:46'\nSystem info: host: 'ICPL12770', ip: '10.11.28.189', os.name: 'Windows 10', os.arch: 'amd64', os.version: '10.0', java.version: '1.8.0_152'\nDriver info: com.qmetry.qaf.automation.ui.webdriver.QAFExtendedWebDriver\nCapabilities [{applicationCacheEnabled=false, rotatable=false, mobileEmulationEnabled=false, networkConnectionEnabled=false, chrome={chromedriverVersion=2.33.506120 (e3e53437346286c0bc2d2dc9aa4915ba81d9023f), userDataDir=C:\\Users\\NIKHIL~1.BHA\\AppData\\Local\\Temp\\scoped_dir6932_29571}, takesHeapSnapshot=true, pageLoadStrategy=normal, databaseEnabled=false, handlesAlerts=true, hasTouchScreen=false, version=63.0.3239.132, platform=XP, browserConnectionEnabled=false, nativeEvents=true, acceptSslCerts=true, locationContextEnabled=true, webStorageEnabled=true, browserName=chrome, takesScreenshot=true, javascriptEnabled=true, cssSelectorsEnabled=true, setWindowRect=true, unexpectedAlertBehaviour=}]\nSession ID: 14535ce7162d42c378c55080630fc2f9\n*** Element info: {Using=xpath.//*[@id, value='5301691_sponsored']/div[2]/div[1]/a}",
      "subLogs": [],
      "duration": 23
    },
    {
      "commandName": "findElements",
      "args": [
        "{value='5301691_sponsored']/div[2]/div[1]/a, using=xpath.//*[@id}"
      ],
      "result": "invalid selector: Unable to locate an element with the xpath expression [object Object] because of the following error:\nSyntaxError: Failed to execute 'evaluate' on 'Document': The string '[object Object]' is not a valid XPath expression.\n  (Session info: chrome=63.0.3239.132)\n  (Driver info: chromedriver=2.33.506120 (e3e53437346286c0bc2d2dc9aa4915ba81d9023f),platform=Windows NT 10.0.10586 x86_64) (WARNING: The server did not provide any stacktrace information)\nCommand duration or timeout: 15 milliseconds\nFor documentation on this error, please visit: http://seleniumhq.org/exceptions/invalid_selector_exception.html\nBuild info: version: '2.53.0', revision: '35ae25b1534ae328c771e0856c93e187490ca824', time: '2016-03-15 10:43:46'\nSystem info: host: 'ICPL12770', ip: '10.11.28.189', os.name: 'Windows 10', os.arch: 'amd64', os.version: '10.0', java.version: '1.8.0_152'\nDriver info: com.qmetry.qaf.automation.ui.webdriver.QAFExtendedWebDriver\nCapabilities [{applicationCacheEnabled=false, rotatable=false, mobileEmulationEnabled=false, networkConnectionEnabled=false, chrome={chromedriverVersion=2.33.506120 (e3e53437346286c0bc2d2dc9aa4915ba81d9023f), userDataDir=C:\\Users\\NIKHIL~1.BHA\\AppData\\Local\\Temp\\scoped_dir6932_29571}, takesHeapSnapshot=true, pageLoadStrategy=normal, databaseEnabled=false, handlesAlerts=true, hasTouchScreen=false, version=63.0.3239.132, platform=XP, browserConnectionEnabled=false, nativeEvents=true, acceptSslCerts=true, locationContextEnabled=true, webStorageEnabled=true, browserName=chrome, takesScreenshot=true, javascriptEnabled=true, cssSelectorsEnabled=true, setWindowRect=true, unexpectedAlertBehaviour=}]\nSession ID: 14535ce7162d42c378c55080630fc2f9\n*** Element info: {Using=xpath.//*[@id, value='5301691_sponsored']/div[2]/div[1]/a}",
      "subLogs": [],
      "duration": 16
    },
    {
      "commandName": "findElements",
      "args": [
        "{value='5301691_sponsored']/div[2]/div[1]/a, using=xpath.//*[@id}"
      ],
      "result": "invalid selector: Unable to locate an element with the xpath expression [object Object] because of the following error:\nSyntaxError: Failed to execute 'evaluate' on 'Document': The string '[object Object]' is not a valid XPath expression.\n  (Session info: chrome=63.0.3239.132)\n  (Driver info: chromedriver=2.33.506120 (e3e53437346286c0bc2d2dc9aa4915ba81d9023f),platform=Windows NT 10.0.10586 x86_64) (WARNING: The server did not provide any stacktrace information)\nCommand duration or timeout: 15 milliseconds\nFor documentation on this error, please visit: http://seleniumhq.org/exceptions/invalid_selector_exception.html\nBuild info: version: '2.53.0', revision: '35ae25b1534ae328c771e0856c93e187490ca824', time: '2016-03-15 10:43:46'\nSystem info: host: 'ICPL12770', ip: '10.11.28.189', os.name: 'Windows 10', os.arch: 'amd64', os.version: '10.0', java.version: '1.8.0_152'\nDriver info: com.qmetry.qaf.automation.ui.webdriver.QAFExtendedWebDriver\nCapabilities [{applicationCacheEnabled=false, rotatable=false, mobileEmulationEnabled=false, networkConnectionEnabled=false, chrome={chromedriverVersion=2.33.506120 (e3e53437346286c0bc2d2dc9aa4915ba81d9023f), userDataDir=C:\\Users\\NIKHIL~1.BHA\\AppData\\Local\\Temp\\scoped_dir6932_29571}, takesHeapSnapshot=true, pageLoadStrategy=normal, databaseEnabled=false, handlesAlerts=true, hasTouchScreen=false, version=63.0.3239.132, platform=XP, browserConnectionEnabled=false, nativeEvents=true, acceptSslCerts=true, locationContextEnabled=true, webStorageEnabled=true, browserName=chrome, takesScreenshot=true, javascriptEnabled=true, cssSelectorsEnabled=true, setWindowRect=true, unexpectedAlertBehaviour=}]\nSession ID: 14535ce7162d42c378c55080630fc2f9\n*** Element info: {Using=xpath.//*[@id, value='5301691_sponsored']/div[2]/div[1]/a}",
      "subLogs": [],
      "duration": 15
    },
    {
      "commandName": "findElements",
      "args": [
        "{value='5301691_sponsored']/div[2]/div[1]/a, using=xpath.//*[@id}"
      ],
      "result": "invalid selector: Unable to locate an element with the xpath expression [object Object] because of the following error:\nSyntaxError: Failed to execute 'evaluate' on 'Document': The string '[object Object]' is not a valid XPath expression.\n  (Session info: chrome=63.0.3239.132)\n  (Driver info: chromedriver=2.33.506120 (e3e53437346286c0bc2d2dc9aa4915ba81d9023f),platform=Windows NT 10.0.10586 x86_64) (WARNING: The server did not provide any stacktrace information)\nCommand duration or timeout: 13 milliseconds\nFor documentation on this error, please visit: http://seleniumhq.org/exceptions/invalid_selector_exception.html\nBuild info: version: '2.53.0', revision: '35ae25b1534ae328c771e0856c93e187490ca824', time: '2016-03-15 10:43:46'\nSystem info: host: 'ICPL12770', ip: '10.11.28.189', os.name: 'Windows 10', os.arch: 'amd64', os.version: '10.0', java.version: '1.8.0_152'\nDriver info: com.qmetry.qaf.automation.ui.webdriver.QAFExtendedWebDriver\nCapabilities [{applicationCacheEnabled=false, rotatable=false, mobileEmulationEnabled=false, networkConnectionEnabled=false, chrome={chromedriverVersion=2.33.506120 (e3e53437346286c0bc2d2dc9aa4915ba81d9023f), userDataDir=C:\\Users\\NIKHIL~1.BHA\\AppData\\Local\\Temp\\scoped_dir6932_29571}, takesHeapSnapshot=true, pageLoadStrategy=normal, databaseEnabled=false, handlesAlerts=true, hasTouchScreen=false, version=63.0.3239.132, platform=XP, browserConnectionEnabled=false, nativeEvents=true, acceptSslCerts=true, locationContextEnabled=true, webStorageEnabled=true, browserName=chrome, takesScreenshot=true, javascriptEnabled=true, cssSelectorsEnabled=true, setWindowRect=true, unexpectedAlertBehaviour=}]\nSession ID: 14535ce7162d42c378c55080630fc2f9\n*** Element info: {Using=xpath.//*[@id, value='5301691_sponsored']/div[2]/div[1]/a}",
      "subLogs": [],
      "duration": 14
    },
    {
      "commandName": "findElements",
      "args": [
        "{value='5301691_sponsored']/div[2]/div[1]/a, using=xpath.//*[@id}"
      ],
      "result": "invalid selector: Unable to locate an element with the xpath expression [object Object] because of the following error:\nSyntaxError: Failed to execute 'evaluate' on 'Document': The string '[object Object]' is not a valid XPath expression.\n  (Session info: chrome=63.0.3239.132)\n  (Driver info: chromedriver=2.33.506120 (e3e53437346286c0bc2d2dc9aa4915ba81d9023f),platform=Windows NT 10.0.10586 x86_64) (WARNING: The server did not provide any stacktrace information)\nCommand duration or timeout: 17 milliseconds\nFor documentation on this error, please visit: http://seleniumhq.org/exceptions/invalid_selector_exception.html\nBuild info: version: '2.53.0', revision: '35ae25b1534ae328c771e0856c93e187490ca824', time: '2016-03-15 10:43:46'\nSystem info: host: 'ICPL12770', ip: '10.11.28.189', os.name: 'Windows 10', os.arch: 'amd64', os.version: '10.0', java.version: '1.8.0_152'\nDriver info: com.qmetry.qaf.automation.ui.webdriver.QAFExtendedWebDriver\nCapabilities [{applicationCacheEnabled=false, rotatable=false, mobileEmulationEnabled=false, networkConnectionEnabled=false, chrome={chromedriverVersion=2.33.506120 (e3e53437346286c0bc2d2dc9aa4915ba81d9023f), userDataDir=C:\\Users\\NIKHIL~1.BHA\\AppData\\Local\\Temp\\scoped_dir6932_29571}, takesHeapSnapshot=true, pageLoadStrategy=normal, databaseEnabled=false, handlesAlerts=true, hasTouchScreen=false, version=63.0.3239.132, platform=XP, browserConnectionEnabled=false, nativeEvents=true, acceptSslCerts=true, locationContextEnabled=true, webStorageEnabled=true, browserName=chrome, takesScreenshot=true, javascriptEnabled=true, cssSelectorsEnabled=true, setWindowRect=true, unexpectedAlertBehaviour=}]\nSession ID: 14535ce7162d42c378c55080630fc2f9\n*** Element info: {Using=xpath.//*[@id, value='5301691_sponsored']/div[2]/div[1]/a}",
      "subLogs": [],
      "duration": 17
    },
    {
      "commandName": "findElements",
      "args": [
        "{value='5301691_sponsored']/div[2]/div[1]/a, using=xpath.//*[@id}"
      ],
      "result": "invalid selector: Unable to locate an element with the xpath expression [object Object] because of the following error:\nSyntaxError: Failed to execute 'evaluate' on 'Document': The string '[object Object]' is not a valid XPath expression.\n  (Session info: chrome=63.0.3239.132)\n  (Driver info: chromedriver=2.33.506120 (e3e53437346286c0bc2d2dc9aa4915ba81d9023f),platform=Windows NT 10.0.10586 x86_64) (WARNING: The server did not provide any stacktrace information)\nCommand duration or timeout: 15 milliseconds\nFor documentation on this error, please visit: http://seleniumhq.org/exceptions/invalid_selector_exception.html\nBuild info: version: '2.53.0', revision: '35ae25b1534ae328c771e0856c93e187490ca824', time: '2016-03-15 10:43:46'\nSystem info: host: 'ICPL12770', ip: '10.11.28.189', os.name: 'Windows 10', os.arch: 'amd64', os.version: '10.0', java.version: '1.8.0_152'\nDriver info: com.qmetry.qaf.automation.ui.webdriver.QAFExtendedWebDriver\nCapabilities [{applicationCacheEnabled=false, rotatable=false, mobileEmulationEnabled=false, networkConnectionEnabled=false, chrome={chromedriverVersion=2.33.506120 (e3e53437346286c0bc2d2dc9aa4915ba81d9023f), userDataDir=C:\\Users\\NIKHIL~1.BHA\\AppData\\Local\\Temp\\scoped_dir6932_29571}, takesHeapSnapshot=true, pageLoadStrategy=normal, databaseEnabled=false, handlesAlerts=true, hasTouchScreen=false, version=63.0.3239.132, platform=XP, browserConnectionEnabled=false, nativeEvents=true, acceptSslCerts=true, locationContextEnabled=true, webStorageEnabled=true, browserName=chrome, takesScreenshot=true, javascriptEnabled=true, cssSelectorsEnabled=true, setWindowRect=true, unexpectedAlertBehaviour=}]\nSession ID: 14535ce7162d42c378c55080630fc2f9\n*** Element info: {Using=xpath.//*[@id, value='5301691_sponsored']/div[2]/div[1]/a}",
      "subLogs": [],
      "duration": 15
    },
    {
      "commandName": "findElements",
      "args": [
        "{value='5301691_sponsored']/div[2]/div[1]/a, using=xpath.//*[@id}"
      ],
      "result": "invalid selector: Unable to locate an element with the xpath expression [object Object] because of the following error:\nSyntaxError: Failed to execute 'evaluate' on 'Document': The string '[object Object]' is not a valid XPath expression.\n  (Session info: chrome=63.0.3239.132)\n  (Driver info: chromedriver=2.33.506120 (e3e53437346286c0bc2d2dc9aa4915ba81d9023f),platform=Windows NT 10.0.10586 x86_64) (WARNING: The server did not provide any stacktrace information)\nCommand duration or timeout: 17 milliseconds\nFor documentation on this error, please visit: http://seleniumhq.org/exceptions/invalid_selector_exception.html\nBuild info: version: '2.53.0', revision: '35ae25b1534ae328c771e0856c93e187490ca824', time: '2016-03-15 10:43:46'\nSystem info: host: 'ICPL12770', ip: '10.11.28.189', os.name: 'Windows 10', os.arch: 'amd64', os.version: '10.0', java.version: '1.8.0_152'\nDriver info: com.qmetry.qaf.automation.ui.webdriver.QAFExtendedWebDriver\nCapabilities [{applicationCacheEnabled=false, rotatable=false, mobileEmulationEnabled=false, networkConnectionEnabled=false, chrome={chromedriverVersion=2.33.506120 (e3e53437346286c0bc2d2dc9aa4915ba81d9023f), userDataDir=C:\\Users\\NIKHIL~1.BHA\\AppData\\Local\\Temp\\scoped_dir6932_29571}, takesHeapSnapshot=true, pageLoadStrategy=normal, databaseEnabled=false, handlesAlerts=true, hasTouchScreen=false, version=63.0.3239.132, platform=XP, browserConnectionEnabled=false, nativeEvents=true, acceptSslCerts=true, locationContextEnabled=true, webStorageEnabled=true, browserName=chrome, takesScreenshot=true, javascriptEnabled=true, cssSelectorsEnabled=true, setWindowRect=true, unexpectedAlertBehaviour=}]\nSession ID: 14535ce7162d42c378c55080630fc2f9\n*** Element info: {Using=xpath.//*[@id, value='5301691_sponsored']/div[2]/div[1]/a}",
      "subLogs": [],
      "duration": 17
    },
    {
      "commandName": "findElements",
      "args": [
        "{value='5301691_sponsored']/div[2]/div[1]/a, using=xpath.//*[@id}"
      ],
      "result": "invalid selector: Unable to locate an element with the xpath expression [object Object] because of the following error:\nSyntaxError: Failed to execute 'evaluate' on 'Document': The string '[object Object]' is not a valid XPath expression.\n  (Session info: chrome=63.0.3239.132)\n  (Driver info: chromedriver=2.33.506120 (e3e53437346286c0bc2d2dc9aa4915ba81d9023f),platform=Windows NT 10.0.10586 x86_64) (WARNING: The server did not provide any stacktrace information)\nCommand duration or timeout: 19 milliseconds\nFor documentation on this error, please visit: http://seleniumhq.org/exceptions/invalid_selector_exception.html\nBuild info: version: '2.53.0', revision: '35ae25b1534ae328c771e0856c93e187490ca824', time: '2016-03-15 10:43:46'\nSystem info: host: 'ICPL12770', ip: '10.11.28.189', os.name: 'Windows 10', os.arch: 'amd64', os.version: '10.0', java.version: '1.8.0_152'\nDriver info: com.qmetry.qaf.automation.ui.webdriver.QAFExtendedWebDriver\nCapabilities [{applicationCacheEnabled=false, rotatable=false, mobileEmulationEnabled=false, networkConnectionEnabled=false, chrome={chromedriverVersion=2.33.506120 (e3e53437346286c0bc2d2dc9aa4915ba81d9023f), userDataDir=C:\\Users\\NIKHIL~1.BHA\\AppData\\Local\\Temp\\scoped_dir6932_29571}, takesHeapSnapshot=true, pageLoadStrategy=normal, databaseEnabled=false, handlesAlerts=true, hasTouchScreen=false, version=63.0.3239.132, platform=XP, browserConnectionEnabled=false, nativeEvents=true, acceptSslCerts=true, locationContextEnabled=true, webStorageEnabled=true, browserName=chrome, takesScreenshot=true, javascriptEnabled=true, cssSelectorsEnabled=true, setWindowRect=true, unexpectedAlertBehaviour=}]\nSession ID: 14535ce7162d42c378c55080630fc2f9\n*** Element info: {Using=xpath.//*[@id, value='5301691_sponsored']/div[2]/div[1]/a}",
      "subLogs": [],
      "duration": 19
    },
    {
      "commandName": "findElements",
      "args": [
        "{value='5301691_sponsored']/div[2]/div[1]/a, using=xpath.//*[@id}"
      ],
      "result": "invalid selector: Unable to locate an element with the xpath expression [object Object] because of the following error:\nSyntaxError: Failed to execute 'evaluate' on 'Document': The string '[object Object]' is not a valid XPath expression.\n  (Session info: chrome=63.0.3239.132)\n  (Driver info: chromedriver=2.33.506120 (e3e53437346286c0bc2d2dc9aa4915ba81d9023f),platform=Windows NT 10.0.10586 x86_64) (WARNING: The server did not provide any stacktrace information)\nCommand duration or timeout: 21 milliseconds\nFor documentation on this error, please visit: http://seleniumhq.org/exceptions/invalid_selector_exception.html\nBuild info: version: '2.53.0', revision: '35ae25b1534ae328c771e0856c93e187490ca824', time: '2016-03-15 10:43:46'\nSystem info: host: 'ICPL12770', ip: '10.11.28.189', os.name: 'Windows 10', os.arch: 'amd64', os.version: '10.0', java.version: '1.8.0_152'\nDriver info: com.qmetry.qaf.automation.ui.webdriver.QAFExtendedWebDriver\nCapabilities [{applicationCacheEnabled=false, rotatable=false, mobileEmulationEnabled=false, networkConnectionEnabled=false, chrome={chromedriverVersion=2.33.506120 (e3e53437346286c0bc2d2dc9aa4915ba81d9023f), userDataDir=C:\\Users\\NIKHIL~1.BHA\\AppData\\Local\\Temp\\scoped_dir6932_29571}, takesHeapSnapshot=true, pageLoadStrategy=normal, databaseEnabled=false, handlesAlerts=true, hasTouchScreen=false, version=63.0.3239.132, platform=XP, browserConnectionEnabled=false, nativeEvents=true, acceptSslCerts=true, locationContextEnabled=true, webStorageEnabled=true, browserName=chrome, takesScreenshot=true, javascriptEnabled=true, cssSelectorsEnabled=true, setWindowRect=true, unexpectedAlertBehaviour=}]\nSession ID: 14535ce7162d42c378c55080630fc2f9\n*** Element info: {Using=xpath.//*[@id, value='5301691_sponsored']/div[2]/div[1]/a}",
      "subLogs": [],
      "duration": 21
    },
    {
      "commandName": "findElements",
      "args": [
        "{value='5301691_sponsored']/div[2]/div[1]/a, using=xpath.//*[@id}"
      ],
      "result": "invalid selector: Unable to locate an element with the xpath expression [object Object] because of the following error:\nSyntaxError: Failed to execute 'evaluate' on 'Document': The string '[object Object]' is not a valid XPath expression.\n  (Session info: chrome=63.0.3239.132)\n  (Driver info: chromedriver=2.33.506120 (e3e53437346286c0bc2d2dc9aa4915ba81d9023f),platform=Windows NT 10.0.10586 x86_64) (WARNING: The server did not provide any stacktrace information)\nCommand duration or timeout: 17 milliseconds\nFor documentation on this error, please visit: http://seleniumhq.org/exceptions/invalid_selector_exception.html\nBuild info: version: '2.53.0', revision: '35ae25b1534ae328c771e0856c93e187490ca824', time: '2016-03-15 10:43:46'\nSystem info: host: 'ICPL12770', ip: '10.11.28.189', os.name: 'Windows 10', os.arch: 'amd64', os.version: '10.0', java.version: '1.8.0_152'\nDriver info: com.qmetry.qaf.automation.ui.webdriver.QAFExtendedWebDriver\nCapabilities [{applicationCacheEnabled=false, rotatable=false, mobileEmulationEnabled=false, networkConnectionEnabled=false, chrome={chromedriverVersion=2.33.506120 (e3e53437346286c0bc2d2dc9aa4915ba81d9023f), userDataDir=C:\\Users\\NIKHIL~1.BHA\\AppData\\Local\\Temp\\scoped_dir6932_29571}, takesHeapSnapshot=true, pageLoadStrategy=normal, databaseEnabled=false, handlesAlerts=true, hasTouchScreen=false, version=63.0.3239.132, platform=XP, browserConnectionEnabled=false, nativeEvents=true, acceptSslCerts=true, locationContextEnabled=true, webStorageEnabled=true, browserName=chrome, takesScreenshot=true, javascriptEnabled=true, cssSelectorsEnabled=true, setWindowRect=true, unexpectedAlertBehaviour=}]\nSession ID: 14535ce7162d42c378c55080630fc2f9\n*** Element info: {Using=xpath.//*[@id, value='5301691_sponsored']/div[2]/div[1]/a}",
      "subLogs": [],
      "duration": 17
    },
    {
      "commandName": "findElements",
      "args": [
        "{value='5301691_sponsored']/div[2]/div[1]/a, using=xpath.//*[@id}"
      ],
      "result": "invalid selector: Unable to locate an element with the xpath expression [object Object] because of the following error:\nSyntaxError: Failed to execute 'evaluate' on 'Document': The string '[object Object]' is not a valid XPath expression.\n  (Session info: chrome=63.0.3239.132)\n  (Driver info: chromedriver=2.33.506120 (e3e53437346286c0bc2d2dc9aa4915ba81d9023f),platform=Windows NT 10.0.10586 x86_64) (WARNING: The server did not provide any stacktrace information)\nCommand duration or timeout: 13 milliseconds\nFor documentation on this error, please visit: http://seleniumhq.org/exceptions/invalid_selector_exception.html\nBuild info: version: '2.53.0', revision: '35ae25b1534ae328c771e0856c93e187490ca824', time: '2016-03-15 10:43:46'\nSystem info: host: 'ICPL12770', ip: '10.11.28.189', os.name: 'Windows 10', os.arch: 'amd64', os.version: '10.0', java.version: '1.8.0_152'\nDriver info: com.qmetry.qaf.automation.ui.webdriver.QAFExtendedWebDriver\nCapabilities [{applicationCacheEnabled=false, rotatable=false, mobileEmulationEnabled=false, networkConnectionEnabled=false, chrome={chromedriverVersion=2.33.506120 (e3e53437346286c0bc2d2dc9aa4915ba81d9023f), userDataDir=C:\\Users\\NIKHIL~1.BHA\\AppData\\Local\\Temp\\scoped_dir6932_29571}, takesHeapSnapshot=true, pageLoadStrategy=normal, databaseEnabled=false, handlesAlerts=true, hasTouchScreen=false, version=63.0.3239.132, platform=XP, browserConnectionEnabled=false, nativeEvents=true, acceptSslCerts=true, locationContextEnabled=true, webStorageEnabled=true, browserName=chrome, takesScreenshot=true, javascriptEnabled=true, cssSelectorsEnabled=true, setWindowRect=true, unexpectedAlertBehaviour=}]\nSession ID: 14535ce7162d42c378c55080630fc2f9\n*** Element info: {Using=xpath.//*[@id, value='5301691_sponsored']/div[2]/div[1]/a}",
      "subLogs": [],
      "duration": 13
    },
    {
      "commandName": "findElements",
      "args": [
        "{value='5301691_sponsored']/div[2]/div[1]/a, using=xpath.//*[@id}"
      ],
      "result": "invalid selector: Unable to locate an element with the xpath expression [object Object] because of the following error:\nSyntaxError: Failed to execute 'evaluate' on 'Document': The string '[object Object]' is not a valid XPath expression.\n  (Session info: chrome=63.0.3239.132)\n  (Driver info: chromedriver=2.33.506120 (e3e53437346286c0bc2d2dc9aa4915ba81d9023f),platform=Windows NT 10.0.10586 x86_64) (WARNING: The server did not provide any stacktrace information)\nCommand duration or timeout: 14 milliseconds\nFor documentation on this error, please visit: http://seleniumhq.org/exceptions/invalid_selector_exception.html\nBuild info: version: '2.53.0', revision: '35ae25b1534ae328c771e0856c93e187490ca824', time: '2016-03-15 10:43:46'\nSystem info: host: 'ICPL12770', ip: '10.11.28.189', os.name: 'Windows 10', os.arch: 'amd64', os.version: '10.0', java.version: '1.8.0_152'\nDriver info: com.qmetry.qaf.automation.ui.webdriver.QAFExtendedWebDriver\nCapabilities [{applicationCacheEnabled=false, rotatable=false, mobileEmulationEnabled=false, networkConnectionEnabled=false, chrome={chromedriverVersion=2.33.506120 (e3e53437346286c0bc2d2dc9aa4915ba81d9023f), userDataDir=C:\\Users\\NIKHIL~1.BHA\\AppData\\Local\\Temp\\scoped_dir6932_29571}, takesHeapSnapshot=true, pageLoadStrategy=normal, databaseEnabled=false, handlesAlerts=true, hasTouchScreen=false, version=63.0.3239.132, platform=XP, browserConnectionEnabled=false, nativeEvents=true, acceptSslCerts=true, locationContextEnabled=true, webStorageEnabled=true, browserName=chrome, takesScreenshot=true, javascriptEnabled=true, cssSelectorsEnabled=true, setWindowRect=true, unexpectedAlertBehaviour=}]\nSession ID: 14535ce7162d42c378c55080630fc2f9\n*** Element info: {Using=xpath.//*[@id, value='5301691_sponsored']/div[2]/div[1]/a}",
      "subLogs": [],
      "duration": 14
    },
    {
      "commandName": "findElements",
      "args": [
        "{value='5301691_sponsored']/div[2]/div[1]/a, using=xpath.//*[@id}"
      ],
      "result": "invalid selector: Unable to locate an element with the xpath expression [object Object] because of the following error:\nSyntaxError: Failed to execute 'evaluate' on 'Document': The string '[object Object]' is not a valid XPath expression.\n  (Session info: chrome=63.0.3239.132)\n  (Driver info: chromedriver=2.33.506120 (e3e53437346286c0bc2d2dc9aa4915ba81d9023f),platform=Windows NT 10.0.10586 x86_64) (WARNING: The server did not provide any stacktrace information)\nCommand duration or timeout: 16 milliseconds\nFor documentation on this error, please visit: http://seleniumhq.org/exceptions/invalid_selector_exception.html\nBuild info: version: '2.53.0', revision: '35ae25b1534ae328c771e0856c93e187490ca824', time: '2016-03-15 10:43:46'\nSystem info: host: 'ICPL12770', ip: '10.11.28.189', os.name: 'Windows 10', os.arch: 'amd64', os.version: '10.0', java.version: '1.8.0_152'\nDriver info: com.qmetry.qaf.automation.ui.webdriver.QAFExtendedWebDriver\nCapabilities [{applicationCacheEnabled=false, rotatable=false, mobileEmulationEnabled=false, networkConnectionEnabled=false, chrome={chromedriverVersion=2.33.506120 (e3e53437346286c0bc2d2dc9aa4915ba81d9023f), userDataDir=C:\\Users\\NIKHIL~1.BHA\\AppData\\Local\\Temp\\scoped_dir6932_29571}, takesHeapSnapshot=true, pageLoadStrategy=normal, databaseEnabled=false, handlesAlerts=true, hasTouchScreen=false, version=63.0.3239.132, platform=XP, browserConnectionEnabled=false, nativeEvents=true, acceptSslCerts=true, locationContextEnabled=true, webStorageEnabled=true, browserName=chrome, takesScreenshot=true, javascriptEnabled=true, cssSelectorsEnabled=true, setWindowRect=true, unexpectedAlertBehaviour=}]\nSession ID: 14535ce7162d42c378c55080630fc2f9\n*** Element info: {Using=xpath.//*[@id, value='5301691_sponsored']/div[2]/div[1]/a}",
      "subLogs": [],
      "duration": 16
    },
    {
      "commandName": "findElements",
      "args": [
        "{value='5301691_sponsored']/div[2]/div[1]/a, using=xpath.//*[@id}"
      ],
      "result": "invalid selector: Unable to locate an element with the xpath expression [object Object] because of the following error:\nSyntaxError: Failed to execute 'evaluate' on 'Document': The string '[object Object]' is not a valid XPath expression.\n  (Session info: chrome=63.0.3239.132)\n  (Driver info: chromedriver=2.33.506120 (e3e53437346286c0bc2d2dc9aa4915ba81d9023f),platform=Windows NT 10.0.10586 x86_64) (WARNING: The server did not provide any stacktrace information)\nCommand duration or timeout: 15 milliseconds\nFor documentation on this error, please visit: http://seleniumhq.org/exceptions/invalid_selector_exception.html\nBuild info: version: '2.53.0', revision: '35ae25b1534ae328c771e0856c93e187490ca824', time: '2016-03-15 10:43:46'\nSystem info: host: 'ICPL12770', ip: '10.11.28.189', os.name: 'Windows 10', os.arch: 'amd64', os.version: '10.0', java.version: '1.8.0_152'\nDriver info: com.qmetry.qaf.automation.ui.webdriver.QAFExtendedWebDriver\nCapabilities [{applicationCacheEnabled=false, rotatable=false, mobileEmulationEnabled=false, networkConnectionEnabled=false, chrome={chromedriverVersion=2.33.506120 (e3e53437346286c0bc2d2dc9aa4915ba81d9023f), userDataDir=C:\\Users\\NIKHIL~1.BHA\\AppData\\Local\\Temp\\scoped_dir6932_29571}, takesHeapSnapshot=true, pageLoadStrategy=normal, databaseEnabled=false, handlesAlerts=true, hasTouchScreen=false, version=63.0.3239.132, platform=XP, browserConnectionEnabled=false, nativeEvents=true, acceptSslCerts=true, locationContextEnabled=true, webStorageEnabled=true, browserName=chrome, takesScreenshot=true, javascriptEnabled=true, cssSelectorsEnabled=true, setWindowRect=true, unexpectedAlertBehaviour=}]\nSession ID: 14535ce7162d42c378c55080630fc2f9\n*** Element info: {Using=xpath.//*[@id, value='5301691_sponsored']/div[2]/div[1]/a}",
      "subLogs": [],
      "duration": 15
    },
    {
      "commandName": "findElements",
      "args": [
        "{value='5301691_sponsored']/div[2]/div[1]/a, using=xpath.//*[@id}"
      ],
      "result": "invalid selector: Unable to locate an element with the xpath expression [object Object] because of the following error:\nSyntaxError: Failed to execute 'evaluate' on 'Document': The string '[object Object]' is not a valid XPath expression.\n  (Session info: chrome=63.0.3239.132)\n  (Driver info: chromedriver=2.33.506120 (e3e53437346286c0bc2d2dc9aa4915ba81d9023f),platform=Windows NT 10.0.10586 x86_64) (WARNING: The server did not provide any stacktrace information)\nCommand duration or timeout: 25 milliseconds\nFor documentation on this error, please visit: http://seleniumhq.org/exceptions/invalid_selector_exception.html\nBuild info: version: '2.53.0', revision: '35ae25b1534ae328c771e0856c93e187490ca824', time: '2016-03-15 10:43:46'\nSystem info: host: 'ICPL12770', ip: '10.11.28.189', os.name: 'Windows 10', os.arch: 'amd64', os.version: '10.0', java.version: '1.8.0_152'\nDriver info: com.qmetry.qaf.automation.ui.webdriver.QAFExtendedWebDriver\nCapabilities [{applicationCacheEnabled=false, rotatable=false, mobileEmulationEnabled=false, networkConnectionEnabled=false, chrome={chromedriverVersion=2.33.506120 (e3e53437346286c0bc2d2dc9aa4915ba81d9023f), userDataDir=C:\\Users\\NIKHIL~1.BHA\\AppData\\Local\\Temp\\scoped_dir6932_29571}, takesHeapSnapshot=true, pageLoadStrategy=normal, databaseEnabled=false, handlesAlerts=true, hasTouchScreen=false, version=63.0.3239.132, platform=XP, browserConnectionEnabled=false, nativeEvents=true, acceptSslCerts=true, locationContextEnabled=true, webStorageEnabled=true, browserName=chrome, takesScreenshot=true, javascriptEnabled=true, cssSelectorsEnabled=true, setWindowRect=true, unexpectedAlertBehaviour=}]\nSession ID: 14535ce7162d42c378c55080630fc2f9\n*** Element info: {Using=xpath.//*[@id, value='5301691_sponsored']/div[2]/div[1]/a}",
      "subLogs": [],
      "duration": 26
    },
    {
      "commandName": "clickElement",
      "args": [
        "[unknown locator]",
        "{\"id\":\"-1\"}"
      ],
      "result": "Timed out after 30 seconds waiting for presence of element located by: [unknown locator]\nBuild info: version: '2.53.0', revision: '35ae25b1534ae328c771e0856c93e187490ca824', time: '2016-03-15 10:43:46'\nSystem info: host: 'ICPL12770', ip: '10.11.28.189', os.name: 'Windows 10', os.arch: 'amd64', os.version: '10.0', java.version: '1.8.0_152'\nDriver info: driver.version: QAFExtendedWebDriver",
      "subLogs": [],
      "duration": 740209405
    }
  ],
  "checkPoints": [
    {
      "message": "Timed out after 30 seconds waiting for presence of element located by: [unknown locator]\nBuild info: version: '2.53.0', revision: '35ae25b1534ae328c771e0856c93e187490ca824', time: '2016-03-15 10:43:46'\nSystem info: host: 'ICPL12770', ip: '10.11.28.189', os.name: 'Windows 10', os.arch: 'amd64', os.version: '10.0', java.version: '1.8.0_152'\nDriver info: driver.version: QAFExtendedWebDriver",
      "type": "Fail",
      "screenshot": "../img/sampleTestCase_13anqfqmzw6p36155.png",
      "duration": 0,
      "threshold": 0,
      "subCheckPoints": []
    }
  ],
  "errorTrace": "org.openqa.selenium.TimeoutException: Timed out after 30 seconds waiting for presence of element located by: [unknown locator]\nBuild info: version: '2.53.0', revision: '35ae25b1534ae328c771e0856c93e187490ca824', time: '2016-03-15 10:43:46'\nSystem info: host: 'ICPL12770', ip: '10.11.28.189', os.name: 'Windows 10', os.arch: 'amd64', os.version: '10.0', java.version: '1.8.0_152'\nDriver info: driver.version: QAFExtendedWebDriver\r\n\tat org.openqa.selenium.support.ui.FluentWait.timeoutException(FluentWait.java:292)\r\n\tat org.openqa.selenium.support.ui.FluentWait.until(FluentWait.java:261)\r\n\tat com.qmetry.qaf.automation.ui.webdriver.QAFExtendedWebDriver.load(QAFExtendedWebDriver.java:214)\r\n\tat com.qmetry.qaf.automation.ui.webdriver.QAFExtendedWebElement.load(QAFExtendedWebElement.java:284)\r\n\tat com.qmetry.qaf.automation.ui.webdriver.QAFExtendedWebElement.execute(QAFExtendedWebElement.java:239)\r\n\tat org.openqa.selenium.remote.RemoteWebElement.click(RemoteWebElement.java:85)\r\n\tat com.assign.pages.SearchPage.clickOnSearch(SearchPage.java:48)\r\n\tat com.assign.tests.OrbitzTest.sampleTestCase(OrbitzTest.java:34)\r\n\tat sun.reflect.NativeMethodAccessorImpl.invoke0(Native Method)\r\n\tat sun.reflect.NativeMethodAccessorImpl.invoke(NativeMethodAccessorImpl.java:62)\r\n\tat sun.reflect.DelegatingMethodAccessorImpl.invoke(DelegatingMethodAccessorImpl.java:43)\r\n\tat java.lang.reflect.Method.invoke(Method.java:498)\r\n\tat org.testng.internal.MethodInvocationHelper.invokeMethod(MethodInvocationHelper.java:104)\r\n\tat org.testng.internal.Invoker.invokeMethod(Invoker.java:645)\r\n\tat org.testng.internal.Invoker.invokeTestMethod(Invoker.java:851)\r\n\tat org.testng.internal.Invoker.invokeTestMethods(Invoker.java:1177)\r\n\tat org.testng.internal.TestMethodWorker.invokeTestMethods(TestMethodWorker.java:129)\r\n\tat org.testng.internal.TestMethodWorker.run(TestMethodWorker.java:112)\r\n\tat org.testng.TestRunner.privateRun(TestRunner.java:781)\r\n\tat org.testng.TestRunner.run(TestRunner.java:635)\r\n\tat org.testng.SuiteRunner.runTest(SuiteRunner.java:387)\r\n\tat org.testng.SuiteRunner.runSequentially(SuiteRunner.java:382)\r\n\tat org.testng.SuiteRunner.privateRun(SuiteRunner.java:340)\r\n\tat org.testng.SuiteRunner.run(SuiteRunner.java:289)\r\n\tat org.testng.SuiteRunnerWorker.runSuite(SuiteRunnerWorker.java:52)\r\n\tat org.testng.SuiteRunnerWorker.run(SuiteRunnerWorker.java:86)\r\n\tat org.testng.TestNG.runSuitesSequentially(TestNG.java:1293)\r\n\tat org.testng.TestNG.runSuitesLocally(TestNG.java:1218)\r\n\tat org.testng.TestNG.runSuites(TestNG.java:1133)\r\n\tat org.testng.TestNG.run(TestNG.java:1104)\r\n\tat org.testng.remote.AbstractRemoteTestNG.run(AbstractRemoteTestNG.java:114)\r\n\tat org.testng.remote.RemoteTestNG.initAndRun(RemoteTestNG.java:251)\r\n\tat org.testng.remote.RemoteTestNG.main(RemoteTestNG.java:77)\r\nCaused by: org.openqa.selenium.InvalidSelectorException: invalid selector: Unable to locate an element with the xpath expression [object Object] because of the following error:\nSyntaxError: Failed to execute 'evaluate' on 'Document': The string '[object Object]' is not a valid XPath expression.\n  (Session info: chrome=63.0.3239.132)\n  (Driver info: chromedriver=2.33.506120 (e3e53437346286c0bc2d2dc9aa4915ba81d9023f),platform=Windows NT 10.0.10586 x86_64) (WARNING: The server did not provide any stacktrace information)\nCommand duration or timeout: 25 milliseconds\nFor documentation on this error, please visit: http://seleniumhq.org/exceptions/invalid_selector_exception.html\nBuild info: version: '2.53.0', revision: '35ae25b1534ae328c771e0856c93e187490ca824', time: '2016-03-15 10:43:46'\nSystem info: host: 'ICPL12770', ip: '10.11.28.189', os.name: 'Windows 10', os.arch: 'amd64', os.version: '10.0', java.version: '1.8.0_152'\nDriver info: com.qmetry.qaf.automation.ui.webdriver.QAFExtendedWebDriver\nCapabilities [{applicationCacheEnabled=false, rotatable=false, mobileEmulationEnabled=false, networkConnectionEnabled=false, chrome={chromedriverVersion=2.33.506120 (e3e53437346286c0bc2d2dc9aa4915ba81d9023f), userDataDir=C:\\Users\\NIKHIL~1.BHA\\AppData\\Local\\Temp\\scoped_dir6932_29571}, takesHeapSnapshot=true, pageLoadStrategy=normal, databaseEnabled=false, handlesAlerts=true, hasTouchScreen=false, version=63.0.3239.132, platform=XP, browserConnectionEnabled=false, nativeEvents=true, acceptSslCerts=true, locationContextEnabled=true, webStorageEnabled=true, browserName=chrome, takesScreenshot=true, javascriptEnabled=true, cssSelectorsEnabled=true, setWindowRect=true, unexpectedAlertBehaviour=}]\nSession ID: 14535ce7162d42c378c55080630fc2f9\n*** Element info: {Using=xpath.//*[@id, value='5301691_sponsored']/div[2]/div[1]/a}\r\n\tat sun.reflect.GeneratedConstructorAccessor14.newInstance(Unknown Source)\r\n\tat sun.reflect.DelegatingConstructorAccessorImpl.newInstance(DelegatingConstructorAccessorImpl.java:45)\r\n\tat java.lang.reflect.Constructor.newInstance(Constructor.java:423)\r\n\tat org.openqa.selenium.remote.ErrorHandler.createThrowable(ErrorHandler.java:206)\r\n\tat org.openqa.selenium.remote.ErrorHandler.throwIfResponseFailed(ErrorHandler.java:158)\r\n\tat org.openqa.selenium.remote.RemoteWebDriver.execute(RemoteWebDriver.java:678)\r\n\tat com.qmetry.qaf.automation.ui.webdriver.QAFExtendedWebDriver.execute(QAFExtendedWebDriver.java:234)\r\n\tat org.openqa.selenium.remote.RemoteWebDriver.findElements(RemoteWebDriver.java:388)\r\n\tat com.qmetry.qaf.automation.ui.webdriver.QAFExtendedWebDriver.findElementsByCustomStretegy(QAFExtendedWebDriver.java:507)\r\n\tat com.qmetry.qaf.automation.ui.webdriver.ByCustom.findElements(ByCustom.java:53)\r\n\tat org.openqa.selenium.By.findElement(By.java:159)\r\n\tat org.openqa.selenium.remote.RemoteWebDriver.findElement(RemoteWebDriver.java:355)\r\n\tat com.qmetry.qaf.automation.ui.webdriver.QAFExtendedWebDriver.findElement(QAFExtendedWebDriver.java:169)\r\n\tat com.qmetry.qaf.automation.ui.webdriver.QAFExtendedWebDriver.findElement(QAFExtendedWebDriver.java:1)\r\n\tat org.openqa.selenium.support.ui.ExpectedConditions.findElement(ExpectedConditions.java:899)\r\n\tat org.openqa.selenium.support.ui.ExpectedConditions.access$000(ExpectedConditions.java:41)\r\n\tat org.openqa.selenium.support.ui.ExpectedConditions$6.apply(ExpectedConditions.java:181)\r\n\tat org.openqa.selenium.support.ui.ExpectedConditions$6.apply(ExpectedConditions.java:178)\r\n\tat org.openqa.selenium.support.ui.FluentWait.until(FluentWait.java:238)\r\n\t... 31 more\r\n"
}