15:42:07 scenario.file.loc[Ljava.lang.String;@1ad282e0
15:42:07 loading BDD file: scenarios/suite1.bdd
15:42:07 total test found: 1
15:42:07 

Executing scenario: I open Orbtiz application - End To End Test
15:42:07 pkg: com.qmetry.qaf.automation.step
15:42:08 pkg: com.qaf.assignment_3
15:42:08 Found duplicate step to load [] with [lower] prority then []
15:42:08 Invoking Teststep: Given user opens Orbitz site
15:42:20 Completed Teststep: Given user opens Orbitz site
15:42:20 Invoking Teststep: When user select origin and destination
15:42:21 Completed Teststep: When user select origin and destination
15:42:21 Invoking Teststep: When user select date for Departing and Returning
15:42:22 Completed Teststep: When user select date for Departing and Returning
15:42:22 Invoking Teststep: When user select number of childrens and their age
15:42:23 Completed Teststep: When user select number of childrens and their age
15:42:23 Invoking Teststep: Then user clicks on search button
15:42:24 Completed Teststep: Then user clicks on search button
15:42:24 Invoking Teststep: And user verify search result
15:44:06 Failure Teststep: And user verify search result
org.openqa.selenium.TimeoutException: Timed out after 30 seconds: Wait time out for search price to be present
Build info: version: '2.53.0', revision: '35ae25b1534ae328c771e0856c93e187490ca824', time: '2016-03-15 10:43:46'
System info: host: 'ICPL12770', ip: '10.11.28.189', os.name: 'Windows 10', os.arch: 'amd64', os.version: '10.0', java.version: '1.8.0_152'
Driver info: driver.version: unknown
	at org.openqa.selenium.support.ui.FluentWait.timeoutException(FluentWait.java:292)
	at org.openqa.selenium.support.ui.FluentWait.until(FluentWait.java:261)
	at com.qmetry.qaf.automation.ui.webdriver.QAFExtendedWebElement.waitForPresent(QAFExtendedWebElement.java:499)
	at com.assign.pages.SearchPage.findPrice(SearchPage.java:30)
	at com.qaf.assignment_3.OrbitzTestBDD.userVerifySearchResult_aroundBody10(OrbitzTestBDD.java:55)
	at com.qaf.assignment_3.OrbitzTestBDD$AjcClosure11.run(OrbitzTestBDD.java:1)
	at org.aspectj.runtime.reflect.JoinPointImpl.proceed(JoinPointImpl.java:149)
	at com.qmetry.qaf.automation.step.JavaStepReporter.javaTestStep(JavaStepReporter.java:101)
	at com.qaf.assignment_3.OrbitzTestBDD.userVerifySearchResult(OrbitzTestBDD.java:50)
	at sun.reflect.NativeMethodAccessorImpl.invoke0(Native Method)
	at sun.reflect.NativeMethodAccessorImpl.invoke(NativeMethodAccessorImpl.java:62)
	at sun.reflect.DelegatingMethodAccessorImpl.invoke(DelegatingMethodAccessorImpl.java:43)
	at java.lang.reflect.Method.invoke(Method.java:498)
	at com.qmetry.qaf.automation.step.JavaStep.doExecute(JavaStep.java:160)
	at com.qmetry.qaf.automation.step.BaseTestStep.execute(BaseTestStep.java:149)
	at com.qmetry.qaf.automation.step.StringTestStep.execute(StringTestStep.java:134)
	at com.qmetry.qaf.automation.step.client.Scenario.execute(Scenario.java:167)
	at com.qmetry.qaf.automation.step.client.Scenario.scenario(Scenario.java:219)
	at sun.reflect.NativeMethodAccessorImpl.invoke0(Native Method)
	at sun.reflect.NativeMethodAccessorImpl.invoke(NativeMethodAccessorImpl.java:62)
	at sun.reflect.DelegatingMethodAccessorImpl.invoke(DelegatingMethodAccessorImpl.java:43)
	at java.lang.reflect.Method.invoke(Method.java:498)
	at org.testng.internal.MethodInvocationHelper.invokeMethod(MethodInvocationHelper.java:104)
	at org.testng.internal.Invoker.invokeMethod(Invoker.java:645)
	at org.testng.internal.Invoker.invokeTestMethod(Invoker.java:851)
	at org.testng.internal.Invoker.invokeTestMethods(Invoker.java:1177)
	at org.testng.internal.TestMethodWorker.invokeTestMethods(TestMethodWorker.java:129)
	at org.testng.internal.TestMethodWorker.run(TestMethodWorker.java:112)
	at org.testng.TestRunner.privateRun(TestRunner.java:781)
	at org.testng.TestRunner.run(TestRunner.java:635)
	at org.testng.SuiteRunner.runTest(SuiteRunner.java:387)
	at org.testng.SuiteRunner.runSequentially(SuiteRunner.java:382)
	at org.testng.SuiteRunner.privateRun(SuiteRunner.java:340)
	at org.testng.SuiteRunner.run(SuiteRunner.java:289)
	at org.testng.SuiteRunnerWorker.runSuite(SuiteRunnerWorker.java:52)
	at org.testng.SuiteRunnerWorker.run(SuiteRunnerWorker.java:86)
	at org.testng.TestNG.runSuitesSequentially(TestNG.java:1293)
	at org.testng.TestNG.runSuitesLocally(TestNG.java:1218)
	at org.testng.TestNG.runSuites(TestNG.java:1133)
	at org.testng.TestNG.run(TestNG.java:1104)
	at org.testng.remote.AbstractRemoteTestNG.run(AbstractRemoteTestNG.java:114)
	at org.testng.remote.RemoteTestNG.initAndRun(RemoteTestNG.java:251)
	at org.testng.remote.RemoteTestNG.main(RemoteTestNG.java:77)
Caused by: java.lang.NullPointerException
	at org.openqa.selenium.remote.RemoteWebElement.findElements(RemoteWebElement.java:223)
	at org.openqa.selenium.remote.RemoteWebElement.findElementsByXPath(RemoteWebElement.java:299)
	at org.openqa.selenium.By$ByXPath.findElements(By.java:356)
	at org.openqa.selenium.remote.RemoteWebElement.findElements(RemoteWebElement.java:190)
	at com.qmetry.qaf.automation.ui.webdriver.QAFExtendedWebElement.isPresent(QAFExtendedWebElement.java:334)
	at com.qmetry.qaf.automation.ui.util.QAFWebElementExpectedConditions$2.apply(QAFWebElementExpectedConditions.java:55)
	at com.qmetry.qaf.automation.ui.util.QAFWebElementExpectedConditions$2.apply(QAFWebElementExpectedConditions.java:1)
	at org.openqa.selenium.support.ui.FluentWait.until(FluentWait.java:238)
	... 41 more
15:44:06 Completed Teststep: And user verify search result
15:44:06 Competed scenario: I open Orbtiz application with status FAILURE
