<?xml version="1.0" encoding="UTF-8"?>
<testng-results skipped="0" failed="1" ignored="0" total="4" passed="3">
  <reporter-output>
    <line>
      <![CDATA[<div style="display:block;margin-left:10px;"><div  class="fail"><span class="fail-label">F </span>unknown error: Element <button type="button" class="datepicker-cal-date" data-year="20...8" data-month="1" data-day="1">1</button> is not clickable at point (465, 548). Other element would receive the click: <li role="presentation" tabindex="-1" data-tid="typeahead-item5" class="results-item">...</li>
  (Session info: chrome=63.0.3239.132)
  (Driver info: chromedriver=2.33.506120 (e3e53437346286c0bc2d2dc9aa4915ba81d9023f),platform=Windows NT 10.0.10586 x86_64) (WARNING: The server did not provide any stacktrace information)
Command duration or timeout: 58 milliseconds
Build info: version: '2.53.0', revision: '35ae25b1534ae328c771e0856c93e187490ca824', time: '2016-03-15 10:43:46'
System info: host: 'ICPL12770', ip: '192.168.56.1', os.name: 'Windows 10', os.arch: 'amd64', os.version: '10.0', java.version: '1.8.0_152'
Driver info: com.qmetry.qaf.automation.ui.webdriver.QAFExtendedWebDriver
Capabilities [{applicationCacheEnabled=false, rotatable=false, mobileEmulationEnabled=false, networkConnectionEnabled=false, chrome={chromedriverVersion=2.33.506120 (e3e53437346286c0bc2d2dc9aa4915ba81d9023f), userDataDir=C:\Users\NIKHIL~1.BHA\AppData\Local\Temp\scoped_dir3920_30882}, takesHeapSnapshot=true, pageLoadStrategy=normal, databaseEnabled=false, handlesAlerts=true, hasTouchScreen=false, version=63.0.3239.132, platform=XP, browserConnectionEnabled=false, nativeEvents=true, acceptSslCerts=true, locationContextEnabled=true, webStorageEnabled=true, browserName=chrome, takesScreenshot=true, javascriptEnabled=true, cssSelectorsEnabled=true, setWindowRect=true, unexpectedAlertBehaviour=}]
Session ID: d53166183cb92029b231267d51987228 <a href="../img/sampleTestCase_v740fbz37pgm24773.png" target="_blank">[View Screenshot]</a> </div></div>]]>
    </line>
    <line>
      <![CDATA[<div style="display:block;margin-left:10px;"></div>]]>
    </line>
    <line>
      <![CDATA[<div style="display:block;margin-left:10px;"></div>]]>
    </line>
    <line>
      <![CDATA[<div style="display:block;margin-left:10px;"></div>]]>
    </line>
  </reporter-output>
  <suite name="QAS Demo" duration-ms="26400" started-at="2018-01-31T10:58:04Z" finished-at="2018-01-31T10:58:30Z">
    <groups>
    </groups>
    <test name="Code Driven Test" duration-ms="26400" started-at="2018-01-31T10:58:04Z" finished-at="2018-01-31T10:58:30Z">
      <class name="com.assign.tests.OrbitzTest">
        <test-method status="PASS" signature="setupSuit(org.testng.ITestContext)[pri:0, instance:com.assign.tests.OrbitzTest@38364841]" name="setupSuit" is-config="true" duration-ms="13" started-at="2018-01-31T16:28:04Z" finished-at="2018-01-31T16:28:04Z">
          <params>
            <param index="0">
              <value>
                <![CDATA[org.testng.TestRunner@7bf3a5d8]]>
              </value>
            </param>
          </params>
          <reporter-output>
          </reporter-output>
        </test-method> <!-- setupSuit -->
        <test-method status="PASS" signature="setupTest(org.testng.ITestContext)[pri:0, instance:com.assign.tests.OrbitzTest@38364841]" name="setupTest" is-config="true" duration-ms="3" started-at="2018-01-31T16:28:04Z" finished-at="2018-01-31T16:28:04Z">
          <params>
            <param index="0">
              <value>
                <![CDATA[org.testng.TestRunner@7bf3a5d8]]>
              </value>
            </param>
          </params>
          <reporter-output>
          </reporter-output>
        </test-method> <!-- setupTest -->
        <test-method status="PASS" signature="setup(org.testng.ITestContext)[pri:0, instance:com.assign.tests.OrbitzTest@38364841]" name="setup" is-config="true" duration-ms="1" started-at="2018-01-31T16:28:04Z" finished-at="2018-01-31T16:28:04Z">
          <params>
            <param index="0">
              <value>
                <![CDATA[org.testng.TestRunner@7bf3a5d8]]>
              </value>
            </param>
          </params>
          <reporter-output>
          </reporter-output>
        </test-method> <!-- setup -->
        <test-method status="PASS" signature="setupMethod(java.lang.reflect.Method, org.testng.ITestContext)[pri:0, instance:com.assign.tests.OrbitzTest@38364841]" name="setupMethod" is-config="true" duration-ms="1" started-at="2018-01-31T16:28:04Z" finished-at="2018-01-31T16:28:04Z">
          <params>
            <param index="0">
              <value>
                <![CDATA[public void com.assign.tests.OrbitzTest.sampleTestCase()]]>
              </value>
            </param>
            <param index="1">
              <value>
                <![CDATA[org.testng.TestRunner@7bf3a5d8]]>
              </value>
            </param>
          </params>
          <reporter-output>
          </reporter-output>
        </test-method> <!-- setupMethod -->
        <test-method status="FAIL" signature="sampleTestCase()[pri:0, instance:com.assign.tests.OrbitzTest@38364841]" name="sampleTestCase" duration-ms="9270" started-at="2018-01-31T16:28:04Z" finished-at="2018-01-31T16:28:13Z">
          <exception class="org.openqa.selenium.WebDriverException">
            <message>
              <![CDATA[unknown error: Element <button type="button" class="datepicker-cal-date" data-year="20...8" data-month="1" data-day="1">1</button> is not clickable at point (465, 548). Other element would receive the click: <li role="presentation" tabindex="-1" data-tid="typeahead-item5" class="results-item">...</li>
  (Session info: chrome=63.0.3239.132)
  (Driver info: chromedriver=2.33.506120 (e3e53437346286c0bc2d2dc9aa4915ba81d9023f),platform=Windows NT 10.0.10586 x86_64) (WARNING: The server did not provide any stacktrace information)
Command duration or timeout: 58 milliseconds
Build info: version: '2.53.0', revision: '35ae25b1534ae328c771e0856c93e187490ca824', time: '2016-03-15 10:43:46'
System info: host: 'ICPL12770', ip: '192.168.56.1', os.name: 'Windows 10', os.arch: 'amd64', os.version: '10.0', java.version: '1.8.0_152'
Driver info: com.qmetry.qaf.automation.ui.webdriver.QAFExtendedWebDriver
Capabilities [{applicationCacheEnabled=false, rotatable=false, mobileEmulationEnabled=false, networkConnectionEnabled=false, chrome={chromedriverVersion=2.33.506120 (e3e53437346286c0bc2d2dc9aa4915ba81d9023f), userDataDir=C:\Users\NIKHIL~1.BHA\AppData\Local\Temp\scoped_dir3920_30882}, takesHeapSnapshot=true, pageLoadStrategy=normal, databaseEnabled=false, handlesAlerts=true, hasTouchScreen=false, version=63.0.3239.132, platform=XP, browserConnectionEnabled=false, nativeEvents=true, acceptSslCerts=true, locationContextEnabled=true, webStorageEnabled=true, browserName=chrome, takesScreenshot=true, javascriptEnabled=true, cssSelectorsEnabled=true, setWindowRect=true, unexpectedAlertBehaviour=}]
Session ID: d53166183cb92029b231267d51987228]]>
            </message>
            <full-stacktrace>
              <![CDATA[org.openqa.selenium.WebDriverException: unknown error: Element <button type="button" class="datepicker-cal-date" data-year="20...8" data-month="1" data-day="1">1</button> is not clickable at point (465, 548). Other element would receive the click: <li role="presentation" tabindex="-1" data-tid="typeahead-item5" class="results-item">...</li>
  (Session info: chrome=63.0.3239.132)
  (Driver info: chromedriver=2.33.506120 (e3e53437346286c0bc2d2dc9aa4915ba81d9023f),platform=Windows NT 10.0.10586 x86_64) (WARNING: The server did not provide any stacktrace information)
Command duration or timeout: 58 milliseconds
Build info: version: '2.53.0', revision: '35ae25b1534ae328c771e0856c93e187490ca824', time: '2016-03-15 10:43:46'
System info: host: 'ICPL12770', ip: '192.168.56.1', os.name: 'Windows 10', os.arch: 'amd64', os.version: '10.0', java.version: '1.8.0_152'
Driver info: com.qmetry.qaf.automation.ui.webdriver.QAFExtendedWebDriver
Capabilities [{applicationCacheEnabled=false, rotatable=false, mobileEmulationEnabled=false, networkConnectionEnabled=false, chrome={chromedriverVersion=2.33.506120 (e3e53437346286c0bc2d2dc9aa4915ba81d9023f), userDataDir=C:\Users\NIKHIL~1.BHA\AppData\Local\Temp\scoped_dir3920_30882}, takesHeapSnapshot=true, pageLoadStrategy=normal, databaseEnabled=false, handlesAlerts=true, hasTouchScreen=false, version=63.0.3239.132, platform=XP, browserConnectionEnabled=false, nativeEvents=true, acceptSslCerts=true, locationContextEnabled=true, webStorageEnabled=true, browserName=chrome, takesScreenshot=true, javascriptEnabled=true, cssSelectorsEnabled=true, setWindowRect=true, unexpectedAlertBehaviour=}]
Session ID: d53166183cb92029b231267d51987228
	at sun.reflect.NativeConstructorAccessorImpl.newInstance0(Native Method)
	at sun.reflect.NativeConstructorAccessorImpl.newInstance(NativeConstructorAccessorImpl.java:62)
	at sun.reflect.DelegatingConstructorAccessorImpl.newInstance(DelegatingConstructorAccessorImpl.java:45)
	at java.lang.reflect.Constructor.newInstance(Constructor.java:423)
	at org.openqa.selenium.remote.ErrorHandler.createThrowable(ErrorHandler.java:206)
	at org.openqa.selenium.remote.ErrorHandler.throwIfResponseFailed(ErrorHandler.java:158)
	at org.openqa.selenium.remote.RemoteWebDriver.execute(RemoteWebDriver.java:678)
	at com.qmetry.qaf.automation.ui.webdriver.QAFExtendedWebDriver.executeWitoutLog(QAFExtendedWebDriver.java:256)
	at com.qmetry.qaf.automation.ui.webdriver.QAFExtendedWebElement.execute(QAFExtendedWebElement.java:252)
	at org.openqa.selenium.remote.RemoteWebElement.click(RemoteWebElement.java:85)
	at com.assign.pages.HomePage.selectDeptDate(HomePage.java:82)
	at com.assign.tests.OrbitzTest.sampleTestCase(OrbitzTest.java:21)
	at sun.reflect.NativeMethodAccessorImpl.invoke0(Native Method)
	at sun.reflect.NativeMethodAccessorImpl.invoke(NativeMethodAccessorImpl.java:62)
	at sun.reflect.DelegatingMethodAccessorImpl.invoke(DelegatingMethodAccessorImpl.java:43)
	at java.lang.reflect.Method.invoke(Method.java:498)
	at org.testng.internal.MethodInvocationHelper.invokeMethod(MethodInvocationHelper.java:104)
	at org.testng.internal.Invoker.invokeMethod(Invoker.java:645)
	at org.testng.internal.Invoker.invokeTestMethod(Invoker.java:851)
	at org.testng.internal.Invoker.invokeTestMethods(Invoker.java:1177)
	at org.testng.internal.TestMethodWorker.invokeTestMethods(TestMethodWorker.java:129)
	at org.testng.internal.TestMethodWorker.run(TestMethodWorker.java:112)
	at org.testng.TestRunner.privateRun(TestRunner.java:781)
	at org.testng.TestRunner.run(TestRunner.java:635)
	at org.testng.SuiteRunner.runTest(SuiteRunner.java:387)
	at org.testng.SuiteRunner.runSequentially(SuiteRunner.java:382)
	at org.testng.SuiteRunner.privateRun(SuiteRunner.java:340)
	at org.testng.SuiteRunner.run(SuiteRunner.java:289)
	at org.testng.SuiteRunnerWorker.runSuite(SuiteRunnerWorker.java:52)
	at org.testng.SuiteRunnerWorker.run(SuiteRunnerWorker.java:86)
	at org.testng.TestNG.runSuitesSequentially(TestNG.java:1293)
	at org.testng.TestNG.runSuitesLocally(TestNG.java:1218)
	at org.testng.TestNG.runSuites(TestNG.java:1133)
	at org.testng.TestNG.run(TestNG.java:1104)
	at org.testng.remote.AbstractRemoteTestNG.run(AbstractRemoteTestNG.java:114)
	at org.testng.remote.RemoteTestNG.initAndRun(RemoteTestNG.java:251)
	at org.testng.remote.RemoteTestNG.main(RemoteTestNG.java:77)
]]>
            </full-stacktrace>
          </exception> <!-- org.openqa.selenium.WebDriverException -->
          <reporter-output>
            <line>
              <![CDATA[<div style="display:block;margin-left:10px;"><div  class="fail"><span class="fail-label">F </span>unknown error: Element <button type="button" class="datepicker-cal-date" data-year="20...8" data-month="1" data-day="1">1</button> is not clickable at point (465, 548). Other element would receive the click: <li role="presentation" tabindex="-1" data-tid="typeahead-item5" class="results-item">...</li>
  (Session info: chrome=63.0.3239.132)
  (Driver info: chromedriver=2.33.506120 (e3e53437346286c0bc2d2dc9aa4915ba81d9023f),platform=Windows NT 10.0.10586 x86_64) (WARNING: The server did not provide any stacktrace information)
Command duration or timeout: 58 milliseconds
Build info: version: '2.53.0', revision: '35ae25b1534ae328c771e0856c93e187490ca824', time: '2016-03-15 10:43:46'
System info: host: 'ICPL12770', ip: '192.168.56.1', os.name: 'Windows 10', os.arch: 'amd64', os.version: '10.0', java.version: '1.8.0_152'
Driver info: com.qmetry.qaf.automation.ui.webdriver.QAFExtendedWebDriver
Capabilities [{applicationCacheEnabled=false, rotatable=false, mobileEmulationEnabled=false, networkConnectionEnabled=false, chrome={chromedriverVersion=2.33.506120 (e3e53437346286c0bc2d2dc9aa4915ba81d9023f), userDataDir=C:\Users\NIKHIL~1.BHA\AppData\Local\Temp\scoped_dir3920_30882}, takesHeapSnapshot=true, pageLoadStrategy=normal, databaseEnabled=false, handlesAlerts=true, hasTouchScreen=false, version=63.0.3239.132, platform=XP, browserConnectionEnabled=false, nativeEvents=true, acceptSslCerts=true, locationContextEnabled=true, webStorageEnabled=true, browserName=chrome, takesScreenshot=true, javascriptEnabled=true, cssSelectorsEnabled=true, setWindowRect=true, unexpectedAlertBehaviour=}]
Session ID: d53166183cb92029b231267d51987228 <a href="../img/sampleTestCase_v740fbz37pgm24773.png" target="_blank">[View Screenshot]</a> </div></div>]]>
            </line>
          </reporter-output>
        </test-method> <!-- sampleTestCase -->
        <test-method status="PASS" signature="afterMethod(org.testng.ITestContext, org.testng.ITestResult)[pri:0, instance:com.assign.tests.OrbitzTest@38364841]" name="afterMethod" is-config="true" duration-ms="1" started-at="2018-01-31T16:28:14Z" finished-at="2018-01-31T16:28:14Z">
          <params>
            <param index="0">
              <value>
                <![CDATA[org.testng.TestRunner@7bf3a5d8]]>
              </value>
            </param>
            <param index="1">
              <value>
                <![CDATA[[TestResult name=sampleTestCase status=FAILURE method=OrbitzTest.sampleTestCase()[pri:0, instance:com.assign.tests.OrbitzTest@38364841] output=<div style="display:block;margin-left:10px;"><div  class="fail"><span class="fail-label">F </span>unknown error: Element <button type="button" class="datepicker-cal-date" data-year="20...8" data-month="1" data-day="1">1</button> is not clickable at point (465, 548). Other element would receive the click: <li role="presentation" tabindex="-1" data-tid="typeahead-item5" class="results-item">...</li>
  (Session info: chrome=63.0.3239.132)
  (Driver info: chromedriver=2.33.506120 (e3e53437346286c0bc2d2dc9aa4915ba81d9023f),platform=Windows NT 10.0.10586 x86_64) (WARNING: The server did not provide any stacktrace information)
Command duration or timeout: 58 milliseconds
Build info: version: '2.53.0', revision: '35ae25b1534ae328c771e0856c93e187490ca824', time: '2016-03-15 10:43:46'
System info: host: 'ICPL12770', ip: '192.168.56.1', os.name: 'Windows 10', os.arch: 'amd64', os.version: '10.0', java.version: '1.8.0_152'
Driver info: com.qmetry.qaf.automation.ui.webdriver.QAFExtendedWebDriver
Capabilities [{applicationCacheEnabled=false, rotatable=false, mobileEmulationEnabled=false, networkConnectionEnabled=false, chrome={chromedriverVersion=2.33.506120 (e3e53437346286c0bc2d2dc9aa4915ba81d9023f), userDataDir=C:\Users\NIKHIL~1.BHA\AppData\Local\Temp\scoped_dir3920_30882}, takesHeapSnapshot=true, pageLoadStrategy=normal, databaseEnabled=false, handlesAlerts=true, hasTouchScreen=false, version=63.0.3239.132, platform=XP, browserConnectionEnabled=false, nativeEvents=true, acceptSslCerts=true, locationContextEnabled=true, webStorageEnabled=true, browserName=chrome, takesScreenshot=true, javascriptEnabled=true, cssSelectorsEnabled=true, setWindowRect=true, unexpectedAlertBehaviour=}]
Session ID: d53166183cb92029b231267d51987228 <a href="../img/sampleTestCase_v740fbz37pgm24773.png" target="_blank">[View Screenshot]</a> </div></div>]]]>
              </value>
            </param>
          </params>
          <reporter-output>
          </reporter-output>
        </test-method> <!-- afterMethod -->
        <test-method status="PASS" signature="afterClass(org.testng.ITestContext)[pri:0, instance:com.assign.tests.OrbitzTest@38364841]" name="afterClass" is-config="true" duration-ms="0" started-at="2018-01-31T16:28:14Z" finished-at="2018-01-31T16:28:14Z">
          <params>
            <param index="0">
              <value>
                <![CDATA[org.testng.TestRunner@7bf3a5d8]]>
              </value>
            </param>
          </params>
          <reporter-output>
          </reporter-output>
        </test-method> <!-- afterClass -->
        <test-method status="PASS" signature="afterTest(org.testng.ITestContext)[pri:0, instance:com.assign.tests.OrbitzTest@38364841]" name="afterTest" is-config="true" duration-ms="79" started-at="2018-01-31T16:28:30Z" finished-at="2018-01-31T16:28:30Z">
          <params>
            <param index="0">
              <value>
                <![CDATA[org.testng.TestRunner@7bf3a5d8]]>
              </value>
            </param>
          </params>
          <reporter-output>
          </reporter-output>
        </test-method> <!-- afterTest -->
        <test-method status="PASS" signature="afterSuit(org.testng.ITestContext)[pri:0, instance:com.assign.tests.OrbitzTest@38364841]" name="afterSuit" is-config="true" duration-ms="2" started-at="2018-01-31T16:28:31Z" finished-at="2018-01-31T16:28:31Z">
          <params>
            <param index="0">
              <value>
                <![CDATA[org.testng.TestRunner@7bf3a5d8]]>
              </value>
            </param>
          </params>
          <reporter-output>
          </reporter-output>
        </test-method> <!-- afterSuit -->
      </class> <!-- com.assign.tests.OrbitzTest -->
      <class name="com.assign.tests.OrbtizTestCSV">
        <test-method status="PASS" signature="userSelectAnd(java.util.Map)[pri:0, instance:com.assign.tests.OrbtizTestCSV@7d7758be]" name="userSelectAnd" duration-ms="5062" started-at="2018-01-31T16:28:14Z" finished-at="2018-01-31T16:28:19Z">
          <params>
            <param index="0">
              <value>
                <![CDATA[{dest=Pune, origin=Mumbai}]]>
              </value>
            </param>
          </params>
          <reporter-output>
            <line>
              <![CDATA[<div style="display:block;margin-left:10px;"></div>]]>
            </line>
          </reporter-output>
        </test-method> <!-- userSelectAnd -->
        <test-method status="PASS" signature="userSelectAnd(java.util.Map)[pri:0, instance:com.assign.tests.OrbtizTestCSV@7d7758be]" name="userSelectAnd" duration-ms="6705" started-at="2018-01-31T16:28:19Z" finished-at="2018-01-31T16:28:26Z">
          <params>
            <param index="0">
              <value>
                <![CDATA[{dest=mumbai, origin=bali}]]>
              </value>
            </param>
          </params>
          <reporter-output>
            <line>
              <![CDATA[<div style="display:block;margin-left:10px;"></div>]]>
            </line>
          </reporter-output>
        </test-method> <!-- userSelectAnd -->
        <test-method status="PASS" signature="userSelectAnd(java.util.Map)[pri:0, instance:com.assign.tests.OrbtizTestCSV@7d7758be]" name="userSelectAnd" duration-ms="4479" started-at="2018-01-31T16:28:26Z" finished-at="2018-01-31T16:28:30Z">
          <params>
            <param index="0">
              <value>
                <![CDATA[{dest=bali, origin=munbai}]]>
              </value>
            </param>
          </params>
          <reporter-output>
            <line>
              <![CDATA[<div style="display:block;margin-left:10px;"></div>]]>
            </line>
          </reporter-output>
        </test-method> <!-- userSelectAnd -->
      </class> <!-- com.assign.tests.OrbtizTestCSV -->
    </test> <!-- Code Driven Test -->
  </suite> <!-- QAS Demo -->
</testng-results>
