{
  "seleniumLog": [
    {
      "commandName": "get",
      "args": [
        "{url=https://www.orbitz.com}"
      ],
      "result": "null",
      "subLogs": [],
      "duration": 6494
    },
    {
      "commandName": "maximizeWindow",
      "args": [
        "{windowHandle=current}"
      ],
      "result": "null",
      "subLogs": [],
      "duration": 1136
    },
    {
      "commandName": "findElement",
      "args": [
        "{value=package-origin, using=id}"
      ],
      "result": "id: 0.06656184862881065-1",
      "subLogs": [],
      "duration": 72
    },
    {
      "commandName": "sendKeysToElement",
      "args": [
        "By.id: package-origin",
        "{\"id\":\"0.06656184862881065-1\",\"value\":[\"Pune, India (PNQ-Lohegaon)\"]}"
      ],
      "result": "sendKeysToElement:null",
      "subLogs": [],
      "duration": 740
    },
    {
      "commandName": "findElement",
      "args": [
        "{value=package-destination, using=id}"
      ],
      "result": "id: 0.06656184862881065-2",
      "subLogs": [],
      "duration": 29
    },
    {
      "commandName": "sendKeysToElement",
      "args": [
        "By.id: package-destination",
        "{\"id\":\"0.06656184862881065-2\",\"value\":[\"Dubai, United Arab Emirates\"]}"
      ],
      "result": "sendKeysToElement:null",
      "subLogs": [],
      "duration": 701
    },
    {
      "commandName": "findElement",
      "args": [
        "{value=package-departing, using=id}"
      ],
      "result": "id: 0.06656184862881065-3",
      "subLogs": [],
      "duration": 17
    },
    {
      "commandName": "clickElement",
      "args": [
        "By.id: package-departing",
        "{\"id\":\"0.06656184862881065-3\"}"
      ],
      "result": "clickElement:null",
      "subLogs": [],
      "duration": 147
    },
    {
      "commandName": "findElement",
      "args": [
        "{value=.//*[@id='package-departing-wrapper']/div/div/div[2]/table/tbody/tr[4]/td[5]/button, using=xpath}"
      ],
      "result": "id: 0.06656184862881065-4",
      "subLogs": [],
      "duration": 142
    },
    {
      "commandName": "clickElement",
      "args": [
        "By.xpath: .//*[@id='package-departing-wrapper']/div/div/div[2]/table/tbody/tr[4]/td[5]/button",
        "{\"id\":\"0.06656184862881065-4\"}"
      ],
      "result": "clickElement:null",
      "subLogs": [],
      "duration": 164
    },
    {
      "commandName": "findElement",
      "args": [
        "{value=package-returning, using=id}"
      ],
      "result": "id: 0.06656184862881065-5",
      "subLogs": [],
      "duration": 40
    },
    {
      "commandName": "clickElement",
      "args": [
        "By.id: package-returning",
        "{\"id\":\"0.06656184862881065-5\"}"
      ],
      "result": "clickElement:null",
      "subLogs": [],
      "duration": 148
    },
    {
      "commandName": "findElement",
      "args": [
        "{value=.//*[@id='package-returning-wrapper']/div/div/div[2]/table/tbody/tr[4]/td[6]/button, using=xpath}"
      ],
      "result": "id: 0.06656184862881065-6",
      "subLogs": [],
      "duration": 52
    },
    {
      "commandName": "clickElement",
      "args": [
        "By.xpath: .//*[@id='package-returning-wrapper']/div/div/div[2]/table/tbody/tr[4]/td[6]/button",
        "{\"id\":\"0.06656184862881065-6\"}"
      ],
      "result": "clickElement:null",
      "subLogs": [],
      "duration": 132
    },
    {
      "commandName": "findElement",
      "args": [
        "{value=package-1-children, using=id}"
      ],
      "result": "id: 0.06656184862881065-7",
      "subLogs": [],
      "duration": 20
    },
    {
      "commandName": "getElementTagName",
      "args": [
        "By.id: package-1-children",
        "{\"id\":\"0.06656184862881065-7\"}"
      ],
      "result": "getElementTagName:select",
      "subLogs": [],
      "duration": 8
    },
    {
      "commandName": "findElement",
      "args": [
        "{value=package-1-children, using=id}"
      ],
      "result": "id: 0.06656184862881065-7",
      "subLogs": [],
      "duration": 13
    },
    {
      "commandName": "getElementAttribute",
      "args": [
        "By.id: package-1-children",
        "{\"name\":\"multiple\",\"id\":\"0.06656184862881065-7\"}"
      ],
      "result": "getElementAttribute:null",
      "subLogs": [],
      "duration": 10
    },
    {
      "commandName": "findElement",
      "args": [
        "{value=package-1-children, using=id}"
      ],
      "result": "id: 0.06656184862881065-7",
      "subLogs": [],
      "duration": 12
    },
    {
      "commandName": "findChildElements",
      "args": [
        "By.id: package-1-children",
        "{\"using\":\"xpath\",\"id\":\"0.06656184862881065-7\",\"value\":\".//option[@value = \\\"1\\\"]\"}"
      ],
      "result": "findChildElements:[id: 0.06656184862881065-8]",
      "subLogs": [],
      "duration": 32
    },
    {
      "commandName": "isElementSelected",
      "args": [
        "id: 0.06656184862881065-8",
        "{\"id\":\"0.06656184862881065-8\"}"
      ],
      "result": "isElementSelected:false",
      "subLogs": [],
      "duration": 24
    },
    {
      "commandName": "clickElement",
      "args": [
        "id: 0.06656184862881065-8",
        "{\"id\":\"0.06656184862881065-8\"}"
      ],
      "result": "clickElement:null",
      "subLogs": [],
      "duration": 132
    },
    {
      "commandName": "findElement",
      "args": [
        "{value=//*[@name='dropdown.children.age.homepage ' or @id='dropdown.children.age.homepage ' or @value='dropdown.children.age.homepage '], using=xpath}"
      ],
      "result": "no such element: Unable to locate element: {\"method\":\"xpath\",\"selector\":\"//*[@name='dropdown.children.age.homepage ' or @id='dropdown.children.age.homepage ' or @value='dropdown.children.age.homepage ']\"}\n  (Session info: chrome=63.0.3239.84)\n  (Driver info: chromedriver=2.33.506120 (e3e53437346286c0bc2d2dc9aa4915ba81d9023f),platform=Windows NT 10.0.10586 x86_64) (WARNING: The server did not provide any stacktrace information)\nCommand duration or timeout: 20 milliseconds\nFor documentation on this error, please visit: http://seleniumhq.org/exceptions/no_such_element.html\nBuild info: version: '2.53.0', revision: '35ae25b1534ae328c771e0856c93e187490ca824', time: '2016-03-15 10:43:46'\nSystem info: host: 'ICPL12770', ip: '10.11.28.189', os.name: 'Windows 10', os.arch: 'amd64', os.version: '10.0', java.version: '1.8.0_152'\nDriver info: com.qmetry.qaf.automation.ui.webdriver.QAFExtendedWebDriver\nCapabilities [{applicationCacheEnabled=false, rotatable=false, mobileEmulationEnabled=false, networkConnectionEnabled=false, chrome={chromedriverVersion=2.33.506120 (e3e53437346286c0bc2d2dc9aa4915ba81d9023f), userDataDir=C:\\Users\\NIKHIL~1.BHA\\AppData\\Local\\Temp\\scoped_dir15680_5649}, takesHeapSnapshot=true, pageLoadStrategy=normal, databaseEnabled=false, handlesAlerts=true, hasTouchScreen=false, version=63.0.3239.84, platform=XP, browserConnectionEnabled=false, nativeEvents=true, acceptSslCerts=true, locationContextEnabled=true, webStorageEnabled=true, browserName=chrome, takesScreenshot=true, javascriptEnabled=true, cssSelectorsEnabled=true, setWindowRect=true, unexpectedAlertBehaviour=}]\nSession ID: 5d6f0059f36db12ce0cb0c951d3ba719\n*** Element info: {Using=xpath, value=//*[@name='dropdown.children.age.homepage ' or @id='dropdown.children.age.homepage ' or @value='dropdown.children.age.homepage ']}",
      "subLogs": [],
      "duration": 20
    },
    {
      "commandName": "findElement",
      "args": [
        "{value=//*[@name='dropdown.children.age.homepage ' or @id='dropdown.children.age.homepage ' or @value='dropdown.children.age.homepage '], using=xpath}"
      ],
      "result": "no such element: Unable to locate element: {\"method\":\"xpath\",\"selector\":\"//*[@name='dropdown.children.age.homepage ' or @id='dropdown.children.age.homepage ' or @value='dropdown.children.age.homepage ']\"}\n  (Session info: chrome=63.0.3239.84)\n  (Driver info: chromedriver=2.33.506120 (e3e53437346286c0bc2d2dc9aa4915ba81d9023f),platform=Windows NT 10.0.10586 x86_64) (WARNING: The server did not provide any stacktrace information)\nCommand duration or timeout: 2 milliseconds\nFor documentation on this error, please visit: http://seleniumhq.org/exceptions/no_such_element.html\nBuild info: version: '2.53.0', revision: '35ae25b1534ae328c771e0856c93e187490ca824', time: '2016-03-15 10:43:46'\nSystem info: host: 'ICPL12770', ip: '10.11.28.189', os.name: 'Windows 10', os.arch: 'amd64', os.version: '10.0', java.version: '1.8.0_152'\nDriver info: com.qmetry.qaf.automation.ui.webdriver.QAFExtendedWebDriver\nCapabilities [{applicationCacheEnabled=false, rotatable=false, mobileEmulationEnabled=false, networkConnectionEnabled=false, chrome={chromedriverVersion=2.33.506120 (e3e53437346286c0bc2d2dc9aa4915ba81d9023f), userDataDir=C:\\Users\\NIKHIL~1.BHA\\AppData\\Local\\Temp\\scoped_dir15680_5649}, takesHeapSnapshot=true, pageLoadStrategy=normal, databaseEnabled=false, handlesAlerts=true, hasTouchScreen=false, version=63.0.3239.84, platform=XP, browserConnectionEnabled=false, nativeEvents=true, acceptSslCerts=true, locationContextEnabled=true, webStorageEnabled=true, browserName=chrome, takesScreenshot=true, javascriptEnabled=true, cssSelectorsEnabled=true, setWindowRect=true, unexpectedAlertBehaviour=}]\nSession ID: 5d6f0059f36db12ce0cb0c951d3ba719\n*** Element info: {Using=xpath, value=//*[@name='dropdown.children.age.homepage ' or @id='dropdown.children.age.homepage ' or @value='dropdown.children.age.homepage ']}",
      "subLogs": [],
      "duration": 2
    },
    {
      "commandName": "findElement",
      "args": [
        "{value=//*[@name='dropdown.children.age.homepage ' or @id='dropdown.children.age.homepage ' or @value='dropdown.children.age.homepage '], using=xpath}"
      ],
      "result": "no such element: Unable to locate element: {\"method\":\"xpath\",\"selector\":\"//*[@name='dropdown.children.age.homepage ' or @id='dropdown.children.age.homepage ' or @value='dropdown.children.age.homepage ']\"}\n  (Session info: chrome=63.0.3239.84)\n  (Driver info: chromedriver=2.33.506120 (e3e53437346286c0bc2d2dc9aa4915ba81d9023f),platform=Windows NT 10.0.10586 x86_64) (WARNING: The server did not provide any stacktrace information)\nCommand duration or timeout: 2 milliseconds\nFor documentation on this error, please visit: http://seleniumhq.org/exceptions/no_such_element.html\nBuild info: version: '2.53.0', revision: '35ae25b1534ae328c771e0856c93e187490ca824', time: '2016-03-15 10:43:46'\nSystem info: host: 'ICPL12770', ip: '10.11.28.189', os.name: 'Windows 10', os.arch: 'amd64', os.version: '10.0', java.version: '1.8.0_152'\nDriver info: com.qmetry.qaf.automation.ui.webdriver.QAFExtendedWebDriver\nCapabilities [{applicationCacheEnabled=false, rotatable=false, mobileEmulationEnabled=false, networkConnectionEnabled=false, chrome={chromedriverVersion=2.33.506120 (e3e53437346286c0bc2d2dc9aa4915ba81d9023f), userDataDir=C:\\Users\\NIKHIL~1.BHA\\AppData\\Local\\Temp\\scoped_dir15680_5649}, takesHeapSnapshot=true, pageLoadStrategy=normal, databaseEnabled=false, handlesAlerts=true, hasTouchScreen=false, version=63.0.3239.84, platform=XP, browserConnectionEnabled=false, nativeEvents=true, acceptSslCerts=true, locationContextEnabled=true, webStorageEnabled=true, browserName=chrome, takesScreenshot=true, javascriptEnabled=true, cssSelectorsEnabled=true, setWindowRect=true, unexpectedAlertBehaviour=}]\nSession ID: 5d6f0059f36db12ce0cb0c951d3ba719\n*** Element info: {Using=xpath, value=//*[@name='dropdown.children.age.homepage ' or @id='dropdown.children.age.homepage ' or @value='dropdown.children.age.homepage ']}",
      "subLogs": [],
      "duration": 2
    },
    {
      "commandName": "findElement",
      "args": [
        "{value=//*[@name='dropdown.children.age.homepage ' or @id='dropdown.children.age.homepage ' or @value='dropdown.children.age.homepage '], using=xpath}"
      ],
      "result": "no such element: Unable to locate element: {\"method\":\"xpath\",\"selector\":\"//*[@name='dropdown.children.age.homepage ' or @id='dropdown.children.age.homepage ' or @value='dropdown.children.age.homepage ']\"}\n  (Session info: chrome=63.0.3239.84)\n  (Driver info: chromedriver=2.33.506120 (e3e53437346286c0bc2d2dc9aa4915ba81d9023f),platform=Windows NT 10.0.10586 x86_64) (WARNING: The server did not provide any stacktrace information)\nCommand duration or timeout: 4 milliseconds\nFor documentation on this error, please visit: http://seleniumhq.org/exceptions/no_such_element.html\nBuild info: version: '2.53.0', revision: '35ae25b1534ae328c771e0856c93e187490ca824', time: '2016-03-15 10:43:46'\nSystem info: host: 'ICPL12770', ip: '10.11.28.189', os.name: 'Windows 10', os.arch: 'amd64', os.version: '10.0', java.version: '1.8.0_152'\nDriver info: com.qmetry.qaf.automation.ui.webdriver.QAFExtendedWebDriver\nCapabilities [{applicationCacheEnabled=false, rotatable=false, mobileEmulationEnabled=false, networkConnectionEnabled=false, chrome={chromedriverVersion=2.33.506120 (e3e53437346286c0bc2d2dc9aa4915ba81d9023f), userDataDir=C:\\Users\\NIKHIL~1.BHA\\AppData\\Local\\Temp\\scoped_dir15680_5649}, takesHeapSnapshot=true, pageLoadStrategy=normal, databaseEnabled=false, handlesAlerts=true, hasTouchScreen=false, version=63.0.3239.84, platform=XP, browserConnectionEnabled=false, nativeEvents=true, acceptSslCerts=true, locationContextEnabled=true, webStorageEnabled=true, browserName=chrome, takesScreenshot=true, javascriptEnabled=true, cssSelectorsEnabled=true, setWindowRect=true, unexpectedAlertBehaviour=}]\nSession ID: 5d6f0059f36db12ce0cb0c951d3ba719\n*** Element info: {Using=xpath, value=//*[@name='dropdown.children.age.homepage ' or @id='dropdown.children.age.homepage ' or @value='dropdown.children.age.homepage ']}",
      "subLogs": [],
      "duration": 4
    },
    {
      "commandName": "findElement",
      "args": [
        "{value=//*[@name='dropdown.children.age.homepage ' or @id='dropdown.children.age.homepage ' or @value='dropdown.children.age.homepage '], using=xpath}"
      ],
      "result": "no such element: Unable to locate element: {\"method\":\"xpath\",\"selector\":\"//*[@name='dropdown.children.age.homepage ' or @id='dropdown.children.age.homepage ' or @value='dropdown.children.age.homepage ']\"}\n  (Session info: chrome=63.0.3239.84)\n  (Driver info: chromedriver=2.33.506120 (e3e53437346286c0bc2d2dc9aa4915ba81d9023f),platform=Windows NT 10.0.10586 x86_64) (WARNING: The server did not provide any stacktrace information)\nCommand duration or timeout: 2 milliseconds\nFor documentation on this error, please visit: http://seleniumhq.org/exceptions/no_such_element.html\nBuild info: version: '2.53.0', revision: '35ae25b1534ae328c771e0856c93e187490ca824', time: '2016-03-15 10:43:46'\nSystem info: host: 'ICPL12770', ip: '10.11.28.189', os.name: 'Windows 10', os.arch: 'amd64', os.version: '10.0', java.version: '1.8.0_152'\nDriver info: com.qmetry.qaf.automation.ui.webdriver.QAFExtendedWebDriver\nCapabilities [{applicationCacheEnabled=false, rotatable=false, mobileEmulationEnabled=false, networkConnectionEnabled=false, chrome={chromedriverVersion=2.33.506120 (e3e53437346286c0bc2d2dc9aa4915ba81d9023f), userDataDir=C:\\Users\\NIKHIL~1.BHA\\AppData\\Local\\Temp\\scoped_dir15680_5649}, takesHeapSnapshot=true, pageLoadStrategy=normal, databaseEnabled=false, handlesAlerts=true, hasTouchScreen=false, version=63.0.3239.84, platform=XP, browserConnectionEnabled=false, nativeEvents=true, acceptSslCerts=true, locationContextEnabled=true, webStorageEnabled=true, browserName=chrome, takesScreenshot=true, javascriptEnabled=true, cssSelectorsEnabled=true, setWindowRect=true, unexpectedAlertBehaviour=}]\nSession ID: 5d6f0059f36db12ce0cb0c951d3ba719\n*** Element info: {Using=xpath, value=//*[@name='dropdown.children.age.homepage ' or @id='dropdown.children.age.homepage ' or @value='dropdown.children.age.homepage ']}",
      "subLogs": [],
      "duration": 2
    },
    {
      "commandName": "findElement",
      "args": [
        "{value=//*[@name='dropdown.children.age.homepage ' or @id='dropdown.children.age.homepage ' or @value='dropdown.children.age.homepage '], using=xpath}"
      ],
      "result": "no such element: Unable to locate element: {\"method\":\"xpath\",\"selector\":\"//*[@name='dropdown.children.age.homepage ' or @id='dropdown.children.age.homepage ' or @value='dropdown.children.age.homepage ']\"}\n  (Session info: chrome=63.0.3239.84)\n  (Driver info: chromedriver=2.33.506120 (e3e53437346286c0bc2d2dc9aa4915ba81d9023f),platform=Windows NT 10.0.10586 x86_64) (WARNING: The server did not provide any stacktrace information)\nCommand duration or timeout: 12 milliseconds\nFor documentation on this error, please visit: http://seleniumhq.org/exceptions/no_such_element.html\nBuild info: version: '2.53.0', revision: '35ae25b1534ae328c771e0856c93e187490ca824', time: '2016-03-15 10:43:46'\nSystem info: host: 'ICPL12770', ip: '10.11.28.189', os.name: 'Windows 10', os.arch: 'amd64', os.version: '10.0', java.version: '1.8.0_152'\nDriver info: com.qmetry.qaf.automation.ui.webdriver.QAFExtendedWebDriver\nCapabilities [{applicationCacheEnabled=false, rotatable=false, mobileEmulationEnabled=false, networkConnectionEnabled=false, chrome={chromedriverVersion=2.33.506120 (e3e53437346286c0bc2d2dc9aa4915ba81d9023f), userDataDir=C:\\Users\\NIKHIL~1.BHA\\AppData\\Local\\Temp\\scoped_dir15680_5649}, takesHeapSnapshot=true, pageLoadStrategy=normal, databaseEnabled=false, handlesAlerts=true, hasTouchScreen=false, version=63.0.3239.84, platform=XP, browserConnectionEnabled=false, nativeEvents=true, acceptSslCerts=true, locationContextEnabled=true, webStorageEnabled=true, browserName=chrome, takesScreenshot=true, javascriptEnabled=true, cssSelectorsEnabled=true, setWindowRect=true, unexpectedAlertBehaviour=}]\nSession ID: 5d6f0059f36db12ce0cb0c951d3ba719\n*** Element info: {Using=xpath, value=//*[@name='dropdown.children.age.homepage ' or @id='dropdown.children.age.homepage ' or @value='dropdown.children.age.homepage ']}",
      "subLogs": [],
      "duration": 12
    },
    {
      "commandName": "findElement",
      "args": [
        "{value=//*[@name='dropdown.children.age.homepage ' or @id='dropdown.children.age.homepage ' or @value='dropdown.children.age.homepage '], using=xpath}"
      ],
      "result": "no such element: Unable to locate element: {\"method\":\"xpath\",\"selector\":\"//*[@name='dropdown.children.age.homepage ' or @id='dropdown.children.age.homepage ' or @value='dropdown.children.age.homepage ']\"}\n  (Session info: chrome=63.0.3239.84)\n  (Driver info: chromedriver=2.33.506120 (e3e53437346286c0bc2d2dc9aa4915ba81d9023f),platform=Windows NT 10.0.10586 x86_64) (WARNING: The server did not provide any stacktrace information)\nCommand duration or timeout: 2 milliseconds\nFor documentation on this error, please visit: http://seleniumhq.org/exceptions/no_such_element.html\nBuild info: version: '2.53.0', revision: '35ae25b1534ae328c771e0856c93e187490ca824', time: '2016-03-15 10:43:46'\nSystem info: host: 'ICPL12770', ip: '10.11.28.189', os.name: 'Windows 10', os.arch: 'amd64', os.version: '10.0', java.version: '1.8.0_152'\nDriver info: com.qmetry.qaf.automation.ui.webdriver.QAFExtendedWebDriver\nCapabilities [{applicationCacheEnabled=false, rotatable=false, mobileEmulationEnabled=false, networkConnectionEnabled=false, chrome={chromedriverVersion=2.33.506120 (e3e53437346286c0bc2d2dc9aa4915ba81d9023f), userDataDir=C:\\Users\\NIKHIL~1.BHA\\AppData\\Local\\Temp\\scoped_dir15680_5649}, takesHeapSnapshot=true, pageLoadStrategy=normal, databaseEnabled=false, handlesAlerts=true, hasTouchScreen=false, version=63.0.3239.84, platform=XP, browserConnectionEnabled=false, nativeEvents=true, acceptSslCerts=true, locationContextEnabled=true, webStorageEnabled=true, browserName=chrome, takesScreenshot=true, javascriptEnabled=true, cssSelectorsEnabled=true, setWindowRect=true, unexpectedAlertBehaviour=}]\nSession ID: 5d6f0059f36db12ce0cb0c951d3ba719\n*** Element info: {Using=xpath, value=//*[@name='dropdown.children.age.homepage ' or @id='dropdown.children.age.homepage ' or @value='dropdown.children.age.homepage ']}",
      "subLogs": [],
      "duration": 2
    },
    {
      "commandName": "findElement",
      "args": [
        "{value=//*[@name='dropdown.children.age.homepage ' or @id='dropdown.children.age.homepage ' or @value='dropdown.children.age.homepage '], using=xpath}"
      ],
      "result": "no such element: Unable to locate element: {\"method\":\"xpath\",\"selector\":\"//*[@name='dropdown.children.age.homepage ' or @id='dropdown.children.age.homepage ' or @value='dropdown.children.age.homepage ']\"}\n  (Session info: chrome=63.0.3239.84)\n  (Driver info: chromedriver=2.33.506120 (e3e53437346286c0bc2d2dc9aa4915ba81d9023f),platform=Windows NT 10.0.10586 x86_64) (WARNING: The server did not provide any stacktrace information)\nCommand duration or timeout: 18 milliseconds\nFor documentation on this error, please visit: http://seleniumhq.org/exceptions/no_such_element.html\nBuild info: version: '2.53.0', revision: '35ae25b1534ae328c771e0856c93e187490ca824', time: '2016-03-15 10:43:46'\nSystem info: host: 'ICPL12770', ip: '10.11.28.189', os.name: 'Windows 10', os.arch: 'amd64', os.version: '10.0', java.version: '1.8.0_152'\nDriver info: com.qmetry.qaf.automation.ui.webdriver.QAFExtendedWebDriver\nCapabilities [{applicationCacheEnabled=false, rotatable=false, mobileEmulationEnabled=false, networkConnectionEnabled=false, chrome={chromedriverVersion=2.33.506120 (e3e53437346286c0bc2d2dc9aa4915ba81d9023f), userDataDir=C:\\Users\\NIKHIL~1.BHA\\AppData\\Local\\Temp\\scoped_dir15680_5649}, takesHeapSnapshot=true, pageLoadStrategy=normal, databaseEnabled=false, handlesAlerts=true, hasTouchScreen=false, version=63.0.3239.84, platform=XP, browserConnectionEnabled=false, nativeEvents=true, acceptSslCerts=true, locationContextEnabled=true, webStorageEnabled=true, browserName=chrome, takesScreenshot=true, javascriptEnabled=true, cssSelectorsEnabled=true, setWindowRect=true, unexpectedAlertBehaviour=}]\nSession ID: 5d6f0059f36db12ce0cb0c951d3ba719\n*** Element info: {Using=xpath, value=//*[@name='dropdown.children.age.homepage ' or @id='dropdown.children.age.homepage ' or @value='dropdown.children.age.homepage ']}",
      "subLogs": [],
      "duration": 18
    },
    {
      "commandName": "findElement",
      "args": [
        "{value=//*[@name='dropdown.children.age.homepage ' or @id='dropdown.children.age.homepage ' or @value='dropdown.children.age.homepage '], using=xpath}"
      ],
      "result": "no such element: Unable to locate element: {\"method\":\"xpath\",\"selector\":\"//*[@name='dropdown.children.age.homepage ' or @id='dropdown.children.age.homepage ' or @value='dropdown.children.age.homepage ']\"}\n  (Session info: chrome=63.0.3239.84)\n  (Driver info: chromedriver=2.33.506120 (e3e53437346286c0bc2d2dc9aa4915ba81d9023f),platform=Windows NT 10.0.10586 x86_64) (WARNING: The server did not provide any stacktrace information)\nCommand duration or timeout: 2 milliseconds\nFor documentation on this error, please visit: http://seleniumhq.org/exceptions/no_such_element.html\nBuild info: version: '2.53.0', revision: '35ae25b1534ae328c771e0856c93e187490ca824', time: '2016-03-15 10:43:46'\nSystem info: host: 'ICPL12770', ip: '10.11.28.189', os.name: 'Windows 10', os.arch: 'amd64', os.version: '10.0', java.version: '1.8.0_152'\nDriver info: com.qmetry.qaf.automation.ui.webdriver.QAFExtendedWebDriver\nCapabilities [{applicationCacheEnabled=false, rotatable=false, mobileEmulationEnabled=false, networkConnectionEnabled=false, chrome={chromedriverVersion=2.33.506120 (e3e53437346286c0bc2d2dc9aa4915ba81d9023f), userDataDir=C:\\Users\\NIKHIL~1.BHA\\AppData\\Local\\Temp\\scoped_dir15680_5649}, takesHeapSnapshot=true, pageLoadStrategy=normal, databaseEnabled=false, handlesAlerts=true, hasTouchScreen=false, version=63.0.3239.84, platform=XP, browserConnectionEnabled=false, nativeEvents=true, acceptSslCerts=true, locationContextEnabled=true, webStorageEnabled=true, browserName=chrome, takesScreenshot=true, javascriptEnabled=true, cssSelectorsEnabled=true, setWindowRect=true, unexpectedAlertBehaviour=}]\nSession ID: 5d6f0059f36db12ce0cb0c951d3ba719\n*** Element info: {Using=xpath, value=//*[@name='dropdown.children.age.homepage ' or @id='dropdown.children.age.homepage ' or @value='dropdown.children.age.homepage ']}",
      "subLogs": [],
      "duration": 2
    },
    {
      "commandName": "findElement",
      "args": [
        "{value=//*[@name='dropdown.children.age.homepage ' or @id='dropdown.children.age.homepage ' or @value='dropdown.children.age.homepage '], using=xpath}"
      ],
      "result": "no such element: Unable to locate element: {\"method\":\"xpath\",\"selector\":\"//*[@name='dropdown.children.age.homepage ' or @id='dropdown.children.age.homepage ' or @value='dropdown.children.age.homepage ']\"}\n  (Session info: chrome=63.0.3239.84)\n  (Driver info: chromedriver=2.33.506120 (e3e53437346286c0bc2d2dc9aa4915ba81d9023f),platform=Windows NT 10.0.10586 x86_64) (WARNING: The server did not provide any stacktrace information)\nCommand duration or timeout: 1 milliseconds\nFor documentation on this error, please visit: http://seleniumhq.org/exceptions/no_such_element.html\nBuild info: version: '2.53.0', revision: '35ae25b1534ae328c771e0856c93e187490ca824', time: '2016-03-15 10:43:46'\nSystem info: host: 'ICPL12770', ip: '10.11.28.189', os.name: 'Windows 10', os.arch: 'amd64', os.version: '10.0', java.version: '1.8.0_152'\nDriver info: com.qmetry.qaf.automation.ui.webdriver.QAFExtendedWebDriver\nCapabilities [{applicationCacheEnabled=false, rotatable=false, mobileEmulationEnabled=false, networkConnectionEnabled=false, chrome={chromedriverVersion=2.33.506120 (e3e53437346286c0bc2d2dc9aa4915ba81d9023f), userDataDir=C:\\Users\\NIKHIL~1.BHA\\AppData\\Local\\Temp\\scoped_dir15680_5649}, takesHeapSnapshot=true, pageLoadStrategy=normal, databaseEnabled=false, handlesAlerts=true, hasTouchScreen=false, version=63.0.3239.84, platform=XP, browserConnectionEnabled=false, nativeEvents=true, acceptSslCerts=true, locationContextEnabled=true, webStorageEnabled=true, browserName=chrome, takesScreenshot=true, javascriptEnabled=true, cssSelectorsEnabled=true, setWindowRect=true, unexpectedAlertBehaviour=}]\nSession ID: 5d6f0059f36db12ce0cb0c951d3ba719\n*** Element info: {Using=xpath, value=//*[@name='dropdown.children.age.homepage ' or @id='dropdown.children.age.homepage ' or @value='dropdown.children.age.homepage ']}",
      "subLogs": [],
      "duration": 1
    },
    {
      "commandName": "findElement",
      "args": [
        "{value=//*[@name='dropdown.children.age.homepage ' or @id='dropdown.children.age.homepage ' or @value='dropdown.children.age.homepage '], using=xpath}"
      ],
      "result": "no such element: Unable to locate element: {\"method\":\"xpath\",\"selector\":\"//*[@name='dropdown.children.age.homepage ' or @id='dropdown.children.age.homepage ' or @value='dropdown.children.age.homepage ']\"}\n  (Session info: chrome=63.0.3239.84)\n  (Driver info: chromedriver=2.33.506120 (e3e53437346286c0bc2d2dc9aa4915ba81d9023f),platform=Windows NT 10.0.10586 x86_64) (WARNING: The server did not provide any stacktrace information)\nCommand duration or timeout: 17 milliseconds\nFor documentation on this error, please visit: http://seleniumhq.org/exceptions/no_such_element.html\nBuild info: version: '2.53.0', revision: '35ae25b1534ae328c771e0856c93e187490ca824', time: '2016-03-15 10:43:46'\nSystem info: host: 'ICPL12770', ip: '10.11.28.189', os.name: 'Windows 10', os.arch: 'amd64', os.version: '10.0', java.version: '1.8.0_152'\nDriver info: com.qmetry.qaf.automation.ui.webdriver.QAFExtendedWebDriver\nCapabilities [{applicationCacheEnabled=false, rotatable=false, mobileEmulationEnabled=false, networkConnectionEnabled=false, chrome={chromedriverVersion=2.33.506120 (e3e53437346286c0bc2d2dc9aa4915ba81d9023f), userDataDir=C:\\Users\\NIKHIL~1.BHA\\AppData\\Local\\Temp\\scoped_dir15680_5649}, takesHeapSnapshot=true, pageLoadStrategy=normal, databaseEnabled=false, handlesAlerts=true, hasTouchScreen=false, version=63.0.3239.84, platform=XP, browserConnectionEnabled=false, nativeEvents=true, acceptSslCerts=true, locationContextEnabled=true, webStorageEnabled=true, browserName=chrome, takesScreenshot=true, javascriptEnabled=true, cssSelectorsEnabled=true, setWindowRect=true, unexpectedAlertBehaviour=}]\nSession ID: 5d6f0059f36db12ce0cb0c951d3ba719\n*** Element info: {Using=xpath, value=//*[@name='dropdown.children.age.homepage ' or @id='dropdown.children.age.homepage ' or @value='dropdown.children.age.homepage ']}",
      "subLogs": [],
      "duration": 17
    },
    {
      "commandName": "findElement",
      "args": [
        "{value=//*[@name='dropdown.children.age.homepage ' or @id='dropdown.children.age.homepage ' or @value='dropdown.children.age.homepage '], using=xpath}"
      ],
      "result": "no such element: Unable to locate element: {\"method\":\"xpath\",\"selector\":\"//*[@name='dropdown.children.age.homepage ' or @id='dropdown.children.age.homepage ' or @value='dropdown.children.age.homepage ']\"}\n  (Session info: chrome=63.0.3239.84)\n  (Driver info: chromedriver=2.33.506120 (e3e53437346286c0bc2d2dc9aa4915ba81d9023f),platform=Windows NT 10.0.10586 x86_64) (WARNING: The server did not provide any stacktrace information)\nCommand duration or timeout: 13 milliseconds\nFor documentation on this error, please visit: http://seleniumhq.org/exceptions/no_such_element.html\nBuild info: version: '2.53.0', revision: '35ae25b1534ae328c771e0856c93e187490ca824', time: '2016-03-15 10:43:46'\nSystem info: host: 'ICPL12770', ip: '10.11.28.189', os.name: 'Windows 10', os.arch: 'amd64', os.version: '10.0', java.version: '1.8.0_152'\nDriver info: com.qmetry.qaf.automation.ui.webdriver.QAFExtendedWebDriver\nCapabilities [{applicationCacheEnabled=false, rotatable=false, mobileEmulationEnabled=false, networkConnectionEnabled=false, chrome={chromedriverVersion=2.33.506120 (e3e53437346286c0bc2d2dc9aa4915ba81d9023f), userDataDir=C:\\Users\\NIKHIL~1.BHA\\AppData\\Local\\Temp\\scoped_dir15680_5649}, takesHeapSnapshot=true, pageLoadStrategy=normal, databaseEnabled=false, handlesAlerts=true, hasTouchScreen=false, version=63.0.3239.84, platform=XP, browserConnectionEnabled=false, nativeEvents=true, acceptSslCerts=true, locationContextEnabled=true, webStorageEnabled=true, browserName=chrome, takesScreenshot=true, javascriptEnabled=true, cssSelectorsEnabled=true, setWindowRect=true, unexpectedAlertBehaviour=}]\nSession ID: 5d6f0059f36db12ce0cb0c951d3ba719\n*** Element info: {Using=xpath, value=//*[@name='dropdown.children.age.homepage ' or @id='dropdown.children.age.homepage ' or @value='dropdown.children.age.homepage ']}",
      "subLogs": [],
      "duration": 13
    },
    {
      "commandName": "findElement",
      "args": [
        "{value=//*[@name='dropdown.children.age.homepage ' or @id='dropdown.children.age.homepage ' or @value='dropdown.children.age.homepage '], using=xpath}"
      ],
      "result": "no such element: Unable to locate element: {\"method\":\"xpath\",\"selector\":\"//*[@name='dropdown.children.age.homepage ' or @id='dropdown.children.age.homepage ' or @value='dropdown.children.age.homepage ']\"}\n  (Session info: chrome=63.0.3239.84)\n  (Driver info: chromedriver=2.33.506120 (e3e53437346286c0bc2d2dc9aa4915ba81d9023f),platform=Windows NT 10.0.10586 x86_64) (WARNING: The server did not provide any stacktrace information)\nCommand duration or timeout: 1 milliseconds\nFor documentation on this error, please visit: http://seleniumhq.org/exceptions/no_such_element.html\nBuild info: version: '2.53.0', revision: '35ae25b1534ae328c771e0856c93e187490ca824', time: '2016-03-15 10:43:46'\nSystem info: host: 'ICPL12770', ip: '10.11.28.189', os.name: 'Windows 10', os.arch: 'amd64', os.version: '10.0', java.version: '1.8.0_152'\nDriver info: com.qmetry.qaf.automation.ui.webdriver.QAFExtendedWebDriver\nCapabilities [{applicationCacheEnabled=false, rotatable=false, mobileEmulationEnabled=false, networkConnectionEnabled=false, chrome={chromedriverVersion=2.33.506120 (e3e53437346286c0bc2d2dc9aa4915ba81d9023f), userDataDir=C:\\Users\\NIKHIL~1.BHA\\AppData\\Local\\Temp\\scoped_dir15680_5649}, takesHeapSnapshot=true, pageLoadStrategy=normal, databaseEnabled=false, handlesAlerts=true, hasTouchScreen=false, version=63.0.3239.84, platform=XP, browserConnectionEnabled=false, nativeEvents=true, acceptSslCerts=true, locationContextEnabled=true, webStorageEnabled=true, browserName=chrome, takesScreenshot=true, javascriptEnabled=true, cssSelectorsEnabled=true, setWindowRect=true, unexpectedAlertBehaviour=}]\nSession ID: 5d6f0059f36db12ce0cb0c951d3ba719\n*** Element info: {Using=xpath, value=//*[@name='dropdown.children.age.homepage ' or @id='dropdown.children.age.homepage ' or @value='dropdown.children.age.homepage ']}",
      "subLogs": [],
      "duration": 1
    },
    {
      "commandName": "findElement",
      "args": [
        "{value=//*[@name='dropdown.children.age.homepage ' or @id='dropdown.children.age.homepage ' or @value='dropdown.children.age.homepage '], using=xpath}"
      ],
      "result": "no such element: Unable to locate element: {\"method\":\"xpath\",\"selector\":\"//*[@name='dropdown.children.age.homepage ' or @id='dropdown.children.age.homepage ' or @value='dropdown.children.age.homepage ']\"}\n  (Session info: chrome=63.0.3239.84)\n  (Driver info: chromedriver=2.33.506120 (e3e53437346286c0bc2d2dc9aa4915ba81d9023f),platform=Windows NT 10.0.10586 x86_64) (WARNING: The server did not provide any stacktrace information)\nCommand duration or timeout: 10 milliseconds\nFor documentation on this error, please visit: http://seleniumhq.org/exceptions/no_such_element.html\nBuild info: version: '2.53.0', revision: '35ae25b1534ae328c771e0856c93e187490ca824', time: '2016-03-15 10:43:46'\nSystem info: host: 'ICPL12770', ip: '10.11.28.189', os.name: 'Windows 10', os.arch: 'amd64', os.version: '10.0', java.version: '1.8.0_152'\nDriver info: com.qmetry.qaf.automation.ui.webdriver.QAFExtendedWebDriver\nCapabilities [{applicationCacheEnabled=false, rotatable=false, mobileEmulationEnabled=false, networkConnectionEnabled=false, chrome={chromedriverVersion=2.33.506120 (e3e53437346286c0bc2d2dc9aa4915ba81d9023f), userDataDir=C:\\Users\\NIKHIL~1.BHA\\AppData\\Local\\Temp\\scoped_dir15680_5649}, takesHeapSnapshot=true, pageLoadStrategy=normal, databaseEnabled=false, handlesAlerts=true, hasTouchScreen=false, version=63.0.3239.84, platform=XP, browserConnectionEnabled=false, nativeEvents=true, acceptSslCerts=true, locationContextEnabled=true, webStorageEnabled=true, browserName=chrome, takesScreenshot=true, javascriptEnabled=true, cssSelectorsEnabled=true, setWindowRect=true, unexpectedAlertBehaviour=}]\nSession ID: 5d6f0059f36db12ce0cb0c951d3ba719\n*** Element info: {Using=xpath, value=//*[@name='dropdown.children.age.homepage ' or @id='dropdown.children.age.homepage ' or @value='dropdown.children.age.homepage ']}",
      "subLogs": [],
      "duration": 10
    },
    {
      "commandName": "findElement",
      "args": [
        "{value=//*[@name='dropdown.children.age.homepage ' or @id='dropdown.children.age.homepage ' or @value='dropdown.children.age.homepage '], using=xpath}"
      ],
      "result": "no such element: Unable to locate element: {\"method\":\"xpath\",\"selector\":\"//*[@name='dropdown.children.age.homepage ' or @id='dropdown.children.age.homepage ' or @value='dropdown.children.age.homepage ']\"}\n  (Session info: chrome=63.0.3239.84)\n  (Driver info: chromedriver=2.33.506120 (e3e53437346286c0bc2d2dc9aa4915ba81d9023f),platform=Windows NT 10.0.10586 x86_64) (WARNING: The server did not provide any stacktrace information)\nCommand duration or timeout: 17 milliseconds\nFor documentation on this error, please visit: http://seleniumhq.org/exceptions/no_such_element.html\nBuild info: version: '2.53.0', revision: '35ae25b1534ae328c771e0856c93e187490ca824', time: '2016-03-15 10:43:46'\nSystem info: host: 'ICPL12770', ip: '10.11.28.189', os.name: 'Windows 10', os.arch: 'amd64', os.version: '10.0', java.version: '1.8.0_152'\nDriver info: com.qmetry.qaf.automation.ui.webdriver.QAFExtendedWebDriver\nCapabilities [{applicationCacheEnabled=false, rotatable=false, mobileEmulationEnabled=false, networkConnectionEnabled=false, chrome={chromedriverVersion=2.33.506120 (e3e53437346286c0bc2d2dc9aa4915ba81d9023f), userDataDir=C:\\Users\\NIKHIL~1.BHA\\AppData\\Local\\Temp\\scoped_dir15680_5649}, takesHeapSnapshot=true, pageLoadStrategy=normal, databaseEnabled=false, handlesAlerts=true, hasTouchScreen=false, version=63.0.3239.84, platform=XP, browserConnectionEnabled=false, nativeEvents=true, acceptSslCerts=true, locationContextEnabled=true, webStorageEnabled=true, browserName=chrome, takesScreenshot=true, javascriptEnabled=true, cssSelectorsEnabled=true, setWindowRect=true, unexpectedAlertBehaviour=}]\nSession ID: 5d6f0059f36db12ce0cb0c951d3ba719\n*** Element info: {Using=xpath, value=//*[@name='dropdown.children.age.homepage ' or @id='dropdown.children.age.homepage ' or @value='dropdown.children.age.homepage ']}",
      "subLogs": [],
      "duration": 17
    },
    {
      "commandName": "findElement",
      "args": [
        "{value=//*[@name='dropdown.children.age.homepage ' or @id='dropdown.children.age.homepage ' or @value='dropdown.children.age.homepage '], using=xpath}"
      ],
      "result": "no such element: Unable to locate element: {\"method\":\"xpath\",\"selector\":\"//*[@name='dropdown.children.age.homepage ' or @id='dropdown.children.age.homepage ' or @value='dropdown.children.age.homepage ']\"}\n  (Session info: chrome=63.0.3239.84)\n  (Driver info: chromedriver=2.33.506120 (e3e53437346286c0bc2d2dc9aa4915ba81d9023f),platform=Windows NT 10.0.10586 x86_64) (WARNING: The server did not provide any stacktrace information)\nCommand duration or timeout: 2 milliseconds\nFor documentation on this error, please visit: http://seleniumhq.org/exceptions/no_such_element.html\nBuild info: version: '2.53.0', revision: '35ae25b1534ae328c771e0856c93e187490ca824', time: '2016-03-15 10:43:46'\nSystem info: host: 'ICPL12770', ip: '10.11.28.189', os.name: 'Windows 10', os.arch: 'amd64', os.version: '10.0', java.version: '1.8.0_152'\nDriver info: com.qmetry.qaf.automation.ui.webdriver.QAFExtendedWebDriver\nCapabilities [{applicationCacheEnabled=false, rotatable=false, mobileEmulationEnabled=false, networkConnectionEnabled=false, chrome={chromedriverVersion=2.33.506120 (e3e53437346286c0bc2d2dc9aa4915ba81d9023f), userDataDir=C:\\Users\\NIKHIL~1.BHA\\AppData\\Local\\Temp\\scoped_dir15680_5649}, takesHeapSnapshot=true, pageLoadStrategy=normal, databaseEnabled=false, handlesAlerts=true, hasTouchScreen=false, version=63.0.3239.84, platform=XP, browserConnectionEnabled=false, nativeEvents=true, acceptSslCerts=true, locationContextEnabled=true, webStorageEnabled=true, browserName=chrome, takesScreenshot=true, javascriptEnabled=true, cssSelectorsEnabled=true, setWindowRect=true, unexpectedAlertBehaviour=}]\nSession ID: 5d6f0059f36db12ce0cb0c951d3ba719\n*** Element info: {Using=xpath, value=//*[@name='dropdown.children.age.homepage ' or @id='dropdown.children.age.homepage ' or @value='dropdown.children.age.homepage ']}",
      "subLogs": [],
      "duration": 2
    },
    {
      "commandName": "findElement",
      "args": [
        "{value=//*[@name='dropdown.children.age.homepage ' or @id='dropdown.children.age.homepage ' or @value='dropdown.children.age.homepage '], using=xpath}"
      ],
      "result": "no such element: Unable to locate element: {\"method\":\"xpath\",\"selector\":\"//*[@name='dropdown.children.age.homepage ' or @id='dropdown.children.age.homepage ' or @value='dropdown.children.age.homepage ']\"}\n  (Session info: chrome=63.0.3239.84)\n  (Driver info: chromedriver=2.33.506120 (e3e53437346286c0bc2d2dc9aa4915ba81d9023f),platform=Windows NT 10.0.10586 x86_64) (WARNING: The server did not provide any stacktrace information)\nCommand duration or timeout: 11 milliseconds\nFor documentation on this error, please visit: http://seleniumhq.org/exceptions/no_such_element.html\nBuild info: version: '2.53.0', revision: '35ae25b1534ae328c771e0856c93e187490ca824', time: '2016-03-15 10:43:46'\nSystem info: host: 'ICPL12770', ip: '10.11.28.189', os.name: 'Windows 10', os.arch: 'amd64', os.version: '10.0', java.version: '1.8.0_152'\nDriver info: com.qmetry.qaf.automation.ui.webdriver.QAFExtendedWebDriver\nCapabilities [{applicationCacheEnabled=false, rotatable=false, mobileEmulationEnabled=false, networkConnectionEnabled=false, chrome={chromedriverVersion=2.33.506120 (e3e53437346286c0bc2d2dc9aa4915ba81d9023f), userDataDir=C:\\Users\\NIKHIL~1.BHA\\AppData\\Local\\Temp\\scoped_dir15680_5649}, takesHeapSnapshot=true, pageLoadStrategy=normal, databaseEnabled=false, handlesAlerts=true, hasTouchScreen=false, version=63.0.3239.84, platform=XP, browserConnectionEnabled=false, nativeEvents=true, acceptSslCerts=true, locationContextEnabled=true, webStorageEnabled=true, browserName=chrome, takesScreenshot=true, javascriptEnabled=true, cssSelectorsEnabled=true, setWindowRect=true, unexpectedAlertBehaviour=}]\nSession ID: 5d6f0059f36db12ce0cb0c951d3ba719\n*** Element info: {Using=xpath, value=//*[@name='dropdown.children.age.homepage ' or @id='dropdown.children.age.homepage ' or @value='dropdown.children.age.homepage ']}",
      "subLogs": [],
      "duration": 11
    },
    {
      "commandName": "findElement",
      "args": [
        "{value=//*[@name='dropdown.children.age.homepage ' or @id='dropdown.children.age.homepage ' or @value='dropdown.children.age.homepage '], using=xpath}"
      ],
      "result": "chrome not reachable\n  (Session info: chrome=63.0.3239.84)\n  (Driver info: chromedriver=2.33.506120 (e3e53437346286c0bc2d2dc9aa4915ba81d9023f),platform=Windows NT 10.0.10586 x86_64) (WARNING: The server did not provide any stacktrace information)\nCommand duration or timeout: 4.05 seconds\nBuild info: version: '2.53.0', revision: '35ae25b1534ae328c771e0856c93e187490ca824', time: '2016-03-15 10:43:46'\nSystem info: host: 'ICPL12770', ip: '10.11.28.189', os.name: 'Windows 10', os.arch: 'amd64', os.version: '10.0', java.version: '1.8.0_152'\nDriver info: com.qmetry.qaf.automation.ui.webdriver.QAFExtendedWebDriver\nCapabilities [{applicationCacheEnabled=false, rotatable=false, mobileEmulationEnabled=false, networkConnectionEnabled=false, chrome={chromedriverVersion=2.33.506120 (e3e53437346286c0bc2d2dc9aa4915ba81d9023f), userDataDir=C:\\Users\\NIKHIL~1.BHA\\AppData\\Local\\Temp\\scoped_dir15680_5649}, takesHeapSnapshot=true, pageLoadStrategy=normal, databaseEnabled=false, handlesAlerts=true, hasTouchScreen=false, version=63.0.3239.84, platform=XP, browserConnectionEnabled=false, nativeEvents=true, acceptSslCerts=true, locationContextEnabled=true, webStorageEnabled=true, browserName=chrome, takesScreenshot=true, javascriptEnabled=true, cssSelectorsEnabled=true, setWindowRect=true, unexpectedAlertBehaviour=}]\nSession ID: 5d6f0059f36db12ce0cb0c951d3ba719\n*** Element info: {Using=xpath, value=//*[@name='dropdown.children.age.homepage ' or @id='dropdown.children.age.homepage ' or @value='dropdown.children.age.homepage ']}",
      "subLogs": [],
      "duration": 4054
    },
    {
      "commandName": "findElement",
      "args": [
        "{value=//*[@name='dropdown.children.age.homepage ' or @id='dropdown.children.age.homepage ' or @value='dropdown.children.age.homepage '], using=xpath}"
      ],
      "result": "chrome not reachable\n  (Session info: chrome=63.0.3239.84)\n  (Driver info: chromedriver=2.33.506120 (e3e53437346286c0bc2d2dc9aa4915ba81d9023f),platform=Windows NT 10.0.10586 x86_64) (WARNING: The server did not provide any stacktrace information)\nCommand duration or timeout: 4.04 seconds\nBuild info: version: '2.53.0', revision: '35ae25b1534ae328c771e0856c93e187490ca824', time: '2016-03-15 10:43:46'\nSystem info: host: 'ICPL12770', ip: '10.11.28.189', os.name: 'Windows 10', os.arch: 'amd64', os.version: '10.0', java.version: '1.8.0_152'\nDriver info: com.qmetry.qaf.automation.ui.webdriver.QAFExtendedWebDriver\nCapabilities [{applicationCacheEnabled=false, rotatable=false, mobileEmulationEnabled=false, networkConnectionEnabled=false, chrome={chromedriverVersion=2.33.506120 (e3e53437346286c0bc2d2dc9aa4915ba81d9023f), userDataDir=C:\\Users\\NIKHIL~1.BHA\\AppData\\Local\\Temp\\scoped_dir15680_5649}, takesHeapSnapshot=true, pageLoadStrategy=normal, databaseEnabled=false, handlesAlerts=true, hasTouchScreen=false, version=63.0.3239.84, platform=XP, browserConnectionEnabled=false, nativeEvents=true, acceptSslCerts=true, locationContextEnabled=true, webStorageEnabled=true, browserName=chrome, takesScreenshot=true, javascriptEnabled=true, cssSelectorsEnabled=true, setWindowRect=true, unexpectedAlertBehaviour=}]\nSession ID: 5d6f0059f36db12ce0cb0c951d3ba719\n*** Element info: {Using=xpath, value=//*[@name='dropdown.children.age.homepage ' or @id='dropdown.children.age.homepage ' or @value='dropdown.children.age.homepage ']}",
      "subLogs": [],
      "duration": 4036
    },
    {
      "commandName": "findElement",
      "args": [
        "{value=//*[@name='dropdown.children.age.homepage ' or @id='dropdown.children.age.homepage ' or @value='dropdown.children.age.homepage '], using=xpath}"
      ],
      "result": "chrome not reachable\n  (Session info: chrome=63.0.3239.84)\n  (Driver info: chromedriver=2.33.506120 (e3e53437346286c0bc2d2dc9aa4915ba81d9023f),platform=Windows NT 10.0.10586 x86_64) (WARNING: The server did not provide any stacktrace information)\nCommand duration or timeout: 4.07 seconds\nBuild info: version: '2.53.0', revision: '35ae25b1534ae328c771e0856c93e187490ca824', time: '2016-03-15 10:43:46'\nSystem info: host: 'ICPL12770', ip: '10.11.28.189', os.name: 'Windows 10', os.arch: 'amd64', os.version: '10.0', java.version: '1.8.0_152'\nDriver info: com.qmetry.qaf.automation.ui.webdriver.QAFExtendedWebDriver\nCapabilities [{applicationCacheEnabled=false, rotatable=false, mobileEmulationEnabled=false, networkConnectionEnabled=false, chrome={chromedriverVersion=2.33.506120 (e3e53437346286c0bc2d2dc9aa4915ba81d9023f), userDataDir=C:\\Users\\NIKHIL~1.BHA\\AppData\\Local\\Temp\\scoped_dir15680_5649}, takesHeapSnapshot=true, pageLoadStrategy=normal, databaseEnabled=false, handlesAlerts=true, hasTouchScreen=false, version=63.0.3239.84, platform=XP, browserConnectionEnabled=false, nativeEvents=true, acceptSslCerts=true, locationContextEnabled=true, webStorageEnabled=true, browserName=chrome, takesScreenshot=true, javascriptEnabled=true, cssSelectorsEnabled=true, setWindowRect=true, unexpectedAlertBehaviour=}]\nSession ID: 5d6f0059f36db12ce0cb0c951d3ba719\n*** Element info: {Using=xpath, value=//*[@name='dropdown.children.age.homepage ' or @id='dropdown.children.age.homepage ' or @value='dropdown.children.age.homepage ']}",
      "subLogs": [],
      "duration": 4073
    },
    {
      "commandName": "getElementTagName",
      "args": [
        "By.xpath: //*[@name='dropdown.children.age.homepage ' or @id='dropdown.children.age.homepage ' or @value='dropdown.children.age.homepage ']",
        "{\"id\":\"-1\"}"
      ],
      "result": "Timed out after 30 seconds waiting for presence of element located by: By.xpath: //*[@name='dropdown.children.age.homepage ' or @id='dropdown.children.age.homepage ' or @value='dropdown.children.age.homepage ']\nBuild info: version: '2.53.0', revision: '35ae25b1534ae328c771e0856c93e187490ca824', time: '2016-03-15 10:43:46'\nSystem info: host: 'ICPL12770', ip: '10.11.28.189', os.name: 'Windows 10', os.arch: 'amd64', os.version: '10.0', java.version: '1.8.0_152'\nDriver info: driver.version: QAFExtendedWebDriver",
      "subLogs": [],
      "duration": -39736825
    }
  ],
  "checkPoints": [
    {
      "message": "Timed out after 30 seconds waiting for presence of element located by: By.xpath: //*[@name='dropdown.children.age.homepage ' or @id='dropdown.children.age.homepage ' or @value='dropdown.children.age.homepage ']\nBuild info: version: '2.53.0', revision: '35ae25b1534ae328c771e0856c93e187490ca824', time: '2016-03-15 10:43:46'\nSystem info: host: 'ICPL12770', ip: '10.11.28.189', os.name: 'Windows 10', os.arch: 'amd64', os.version: '10.0', java.version: '1.8.0_152'\nDriver info: driver.version: QAFExtendedWebDriver",
      "type": "Fail",
      "screenshot": "",
      "duration": 0,
      "threshold": 0,
      "subCheckPoints": []
    }
  ],
  "errorTrace": "org.openqa.selenium.TimeoutException: Timed out after 30 seconds waiting for presence of element located by: By.xpath: //*[@name='dropdown.children.age.homepage ' or @id='dropdown.children.age.homepage ' or @value='dropdown.children.age.homepage ']\nBuild info: version: '2.53.0', revision: '35ae25b1534ae328c771e0856c93e187490ca824', time: '2016-03-15 10:43:46'\nSystem info: host: 'ICPL12770', ip: '10.11.28.189', os.name: 'Windows 10', os.arch: 'amd64', os.version: '10.0', java.version: '1.8.0_152'\nDriver info: driver.version: QAFExtendedWebDriver\r\n\tat org.openqa.selenium.support.ui.FluentWait.timeoutException(FluentWait.java:292)\r\n\tat org.openqa.selenium.support.ui.FluentWait.until(FluentWait.java:261)\r\n\tat com.qmetry.qaf.automation.ui.webdriver.QAFExtendedWebDriver.load(QAFExtendedWebDriver.java:214)\r\n\tat com.qmetry.qaf.automation.ui.webdriver.QAFExtendedWebElement.load(QAFExtendedWebElement.java:284)\r\n\tat com.qmetry.qaf.automation.ui.webdriver.QAFExtendedWebElement.execute(QAFExtendedWebElement.java:239)\r\n\tat org.openqa.selenium.remote.RemoteWebElement.getTagName(RemoteWebElement.java:144)\r\n\tat org.openqa.selenium.support.ui.Select.<init>(Select.java:44)\r\n\tat com.assign.pages.HomePage.selectDropdown(HomePage.java:83)\r\n\tat com.assign.tests.OrbitzTest.sampleTestCase(OrbitzTest.java:25)\r\n\tat sun.reflect.NativeMethodAccessorImpl.invoke0(Native Method)\r\n\tat sun.reflect.NativeMethodAccessorImpl.invoke(NativeMethodAccessorImpl.java:62)\r\n\tat sun.reflect.DelegatingMethodAccessorImpl.invoke(DelegatingMethodAccessorImpl.java:43)\r\n\tat java.lang.reflect.Method.invoke(Method.java:498)\r\n\tat org.testng.internal.MethodInvocationHelper.invokeMethod(MethodInvocationHelper.java:104)\r\n\tat org.testng.internal.Invoker.invokeMethod(Invoker.java:645)\r\n\tat org.testng.internal.Invoker.invokeTestMethod(Invoker.java:851)\r\n\tat org.testng.internal.Invoker.invokeTestMethods(Invoker.java:1177)\r\n\tat org.testng.internal.TestMethodWorker.invokeTestMethods(TestMethodWorker.java:129)\r\n\tat org.testng.internal.TestMethodWorker.run(TestMethodWorker.java:112)\r\n\tat org.testng.TestRunner.privateRun(TestRunner.java:781)\r\n\tat org.testng.TestRunner.run(TestRunner.java:635)\r\n\tat org.testng.SuiteRunner.runTest(SuiteRunner.java:387)\r\n\tat org.testng.SuiteRunner.runSequentially(SuiteRunner.java:382)\r\n\tat org.testng.SuiteRunner.privateRun(SuiteRunner.java:340)\r\n\tat org.testng.SuiteRunner.run(SuiteRunner.java:289)\r\n\tat org.testng.SuiteRunnerWorker.runSuite(SuiteRunnerWorker.java:52)\r\n\tat org.testng.SuiteRunnerWorker.run(SuiteRunnerWorker.java:86)\r\n\tat org.testng.TestNG.runSuitesSequentially(TestNG.java:1293)\r\n\tat org.testng.TestNG.runSuitesLocally(TestNG.java:1218)\r\n\tat org.testng.TestNG.runSuites(TestNG.java:1133)\r\n\tat org.testng.TestNG.run(TestNG.java:1104)\r\n\tat org.apache.maven.surefire.testng.TestNGExecutor.run(TestNGExecutor.java:122)\r\n\tat org.apache.maven.surefire.testng.TestNGXmlTestSuite.execute(TestNGXmlTestSuite.java:92)\r\n\tat org.apache.maven.surefire.testng.TestNGProvider.invoke(TestNGProvider.java:101)\r\n\tat sun.reflect.NativeMethodAccessorImpl.invoke0(Native Method)\r\n\tat sun.reflect.NativeMethodAccessorImpl.invoke(NativeMethodAccessorImpl.java:62)\r\n\tat sun.reflect.DelegatingMethodAccessorImpl.invoke(DelegatingMethodAccessorImpl.java:43)\r\n\tat java.lang.reflect.Method.invoke(Method.java:498)\r\n\tat org.apache.maven.surefire.util.ReflectionUtils.invokeMethodWithArray(ReflectionUtils.java:164)\r\n\tat org.apache.maven.surefire.booter.ProviderFactory$ProviderProxy.invoke(ProviderFactory.java:110)\r\n\tat org.apache.maven.surefire.booter.SurefireStarter.invokeProvider(SurefireStarter.java:172)\r\n\tat org.apache.maven.surefire.booter.SurefireStarter.runSuitesInProcessWhenForked(SurefireStarter.java:104)\r\n\tat org.apache.maven.surefire.booter.ForkedBooter.main(ForkedBooter.java:70)\r\nCaused by: org.openqa.selenium.WebDriverException: chrome not reachable\n  (Session info: chrome=63.0.3239.84)\n  (Driver info: chromedriver=2.33.506120 (e3e53437346286c0bc2d2dc9aa4915ba81d9023f),platform=Windows NT 10.0.10586 x86_64) (WARNING: The server did not provide any stacktrace information)\nCommand duration or timeout: 4.07 seconds\nBuild info: version: '2.53.0', revision: '35ae25b1534ae328c771e0856c93e187490ca824', time: '2016-03-15 10:43:46'\nSystem info: host: 'ICPL12770', ip: '10.11.28.189', os.name: 'Windows 10', os.arch: 'amd64', os.version: '10.0', java.version: '1.8.0_152'\nDriver info: com.qmetry.qaf.automation.ui.webdriver.QAFExtendedWebDriver\nCapabilities [{applicationCacheEnabled=false, rotatable=false, mobileEmulationEnabled=false, networkConnectionEnabled=false, chrome={chromedriverVersion=2.33.506120 (e3e53437346286c0bc2d2dc9aa4915ba81d9023f), userDataDir=C:\\Users\\NIKHIL~1.BHA\\AppData\\Local\\Temp\\scoped_dir15680_5649}, takesHeapSnapshot=true, pageLoadStrategy=normal, databaseEnabled=false, handlesAlerts=true, hasTouchScreen=false, version=63.0.3239.84, platform=XP, browserConnectionEnabled=false, nativeEvents=true, acceptSslCerts=true, locationContextEnabled=true, webStorageEnabled=true, browserName=chrome, takesScreenshot=true, javascriptEnabled=true, cssSelectorsEnabled=true, setWindowRect=true, unexpectedAlertBehaviour=}]\nSession ID: 5d6f0059f36db12ce0cb0c951d3ba719\n*** Element info: {Using=xpath, value=//*[@name='dropdown.children.age.homepage ' or @id='dropdown.children.age.homepage ' or @value='dropdown.children.age.homepage ']}\r\n\tat sun.reflect.NativeConstructorAccessorImpl.newInstance0(Native Method)\r\n\tat sun.reflect.NativeConstructorAccessorImpl.newInstance(NativeConstructorAccessorImpl.java:62)\r\n\tat sun.reflect.DelegatingConstructorAccessorImpl.newInstance(DelegatingConstructorAccessorImpl.java:45)\r\n\tat java.lang.reflect.Constructor.newInstance(Constructor.java:423)\r\n\tat org.openqa.selenium.remote.ErrorHandler.createThrowable(ErrorHandler.java:206)\r\n\tat org.openqa.selenium.remote.ErrorHandler.throwIfResponseFailed(ErrorHandler.java:158)\r\n\tat org.openqa.selenium.remote.RemoteWebDriver.execute(RemoteWebDriver.java:678)\r\n\tat com.qmetry.qaf.automation.ui.webdriver.QAFExtendedWebDriver.execute(QAFExtendedWebDriver.java:234)\r\n\tat org.openqa.selenium.remote.RemoteWebDriver.findElement(RemoteWebDriver.java:363)\r\n\tat org.openqa.selenium.remote.RemoteWebDriver.findElementByXPath(RemoteWebDriver.java:500)\r\n\tat com.qmetry.qaf.automation.ui.webdriver.QAFExtendedWebDriver.findElementByXPath(QAFExtendedWebDriver.java:398)\r\n\tat com.qmetry.qaf.automation.ui.webdriver.QAFExtendedWebDriver.findElementByXPath(QAFExtendedWebDriver.java:1)\r\n\tat org.openqa.selenium.By$ByXPath.findElement(By.java:361)\r\n\tat org.openqa.selenium.remote.RemoteWebDriver.findElement(RemoteWebDriver.java:355)\r\n\tat com.qmetry.qaf.automation.ui.webdriver.QAFExtendedWebDriver.findElement(QAFExtendedWebDriver.java:169)\r\n\tat com.qmetry.qaf.automation.ui.webdriver.QAFExtendedWebDriver.findElement(QAFExtendedWebDriver.java:1)\r\n\tat org.openqa.selenium.support.ui.ExpectedConditions.findElement(ExpectedConditions.java:899)\r\n\tat org.openqa.selenium.support.ui.ExpectedConditions.access$000(ExpectedConditions.java:41)\r\n\tat org.openqa.selenium.support.ui.ExpectedConditions$6.apply(ExpectedConditions.java:181)\r\n\tat org.openqa.selenium.support.ui.ExpectedConditions$6.apply(ExpectedConditions.java:178)\r\n\tat org.openqa.selenium.support.ui.FluentWait.until(FluentWait.java:238)\r\n\t... 41 more\r\n"
}